2024-02-22T01:44:10.007+01:00  INFO 1240 --- [main] S.G27ShopProjectApplication              : Starting G27ShopProjectApplication using Java 21.0.2 with PID 1240 (F:\PROGRAMMING\BackEnd\src\main\java\lesson\g_27_shop_project\target\classes started by User in F:\PROGRAMMING\BackEnd\src\main\java\lesson\g_27_shop_project)
2024-02-22T01:44:10.017+01:00  INFO 1240 --- [main] S.G27ShopProjectApplication              : No active profile set, falling back to 1 default profile: "default"
2024-02-22T01:44:11.272+01:00  INFO 1240 --- [main] .s.d.r.c.RepositoryConfigurationDelegate : Bootstrapping Spring Data JPA repositories in DEFAULT mode.
2024-02-22T01:44:11.373+01:00  INFO 1240 --- [main] .s.d.r.c.RepositoryConfigurationDelegate : Finished Spring Data repository scanning in 89 ms. Found 3 JPA repository interfaces.
2024-02-22T01:44:12.399+01:00  INFO 1240 --- [main] o.s.b.w.embedded.tomcat.TomcatWebServer  : Tomcat initialized with port 8080 (http)
2024-02-22T01:44:12.412+01:00  INFO 1240 --- [main] o.apache.catalina.core.StandardService   : Starting service [Tomcat]
2024-02-22T01:44:12.412+01:00  INFO 1240 --- [main] o.apache.catalina.core.StandardEngine    : Starting Servlet engine: [Apache Tomcat/10.1.16]
2024-02-22T01:44:12.520+01:00  INFO 1240 --- [main] o.a.c.c.C.[Tomcat].[localhost].[/]       : Initializing Spring embedded WebApplicationContext
2024-02-22T01:44:12.521+01:00  INFO 1240 --- [main] w.s.c.ServletWebServerApplicationContext : Root WebApplicationContext: initialization completed in 2412 ms
2024-02-22T01:44:12.783+01:00  INFO 1240 --- [main] o.hibernate.jpa.internal.util.LogHelper  : HHH000204: Processing PersistenceUnitInfo [name: default]
2024-02-22T01:44:12.894+01:00  INFO 1240 --- [main] org.hibernate.Version                    : HHH000412: Hibernate ORM core version 6.3.1.Final
2024-02-22T01:44:12.948+01:00  INFO 1240 --- [main] o.h.c.internal.RegionFactoryInitiator    : HHH000026: Second-level cache disabled
2024-02-22T01:44:13.290+01:00  INFO 1240 --- [main] o.s.o.j.p.SpringPersistenceUnitInfo      : No LoadTimeWeaver setup: ignoring JPA class transformer
2024-02-22T01:44:13.330+01:00  INFO 1240 --- [main] com.zaxxer.hikari.HikariDataSource       : HikariPool-1 - Starting...
2024-02-22T01:44:13.883+01:00  INFO 1240 --- [main] com.zaxxer.hikari.pool.HikariPool        : HikariPool-1 - Added connection com.mysql.cj.jdbc.ConnectionImpl@f10d055
2024-02-22T01:44:13.886+01:00  INFO 1240 --- [main] com.zaxxer.hikari.HikariDataSource       : HikariPool-1 - Start completed.
2024-02-22T01:44:15.290+01:00  INFO 1240 --- [main] o.h.e.t.j.p.i.JtaPlatformInitiator       : HHH000489: No JTA platform available (set 'hibernate.transaction.jta.platform' to enable JTA platform integration)
2024-02-22T01:44:15.294+01:00  INFO 1240 --- [main] j.LocalContainerEntityManagerFactoryBean : Initialized JPA EntityManagerFactory for persistence unit 'default'
2024-02-22T01:44:15.754+01:00  INFO 1240 --- [main] o.s.d.j.r.query.QueryEnhancerFactory     : Hibernate is in classpath; If applicable, HQL parser will be used.
2024-02-22T01:44:16.123+01:00  WARN 1240 --- [main] JpaBaseConfiguration$JpaWebConfiguration : spring.jpa.open-in-view is enabled by default. Therefore, database queries may be performed during view rendering. Explicitly configure spring.jpa.open-in-view to disable this warning
2024-02-22T01:44:16.876+01:00  INFO 1240 --- [main] o.s.b.w.embedded.tomcat.TomcatWebServer  : Tomcat started on port 8080 (http) with context path ''
2024-02-22T01:44:16.891+01:00  INFO 1240 --- [main] S.G27ShopProjectApplication              : Started G27ShopProjectApplication in 7.646 seconds (process running for 8.739)
2024-02-22T01:44:24.924+01:00  INFO 1240 --- [http-nio-8080-exec-1] o.apache.tomcat.util.http.parser.Cookie  : A cookie header was received [g_state={"i_l":0}] that contained an invalid cookie. That cookie will be ignored.
 Note: further occurrences of this error will be logged at DEBUG level.
2024-02-22T01:44:24.933+01:00  INFO 1240 --- [http-nio-8080-exec-1] o.a.c.c.C.[Tomcat].[localhost].[/]       : Initializing Spring DispatcherServlet 'dispatcherServlet'
2024-02-22T01:44:24.933+01:00  INFO 1240 --- [http-nio-8080-exec-1] o.s.web.servlet.DispatcherServlet        : Initializing Servlet 'dispatcherServlet'
2024-02-22T01:44:24.934+01:00  INFO 1240 --- [http-nio-8080-exec-1] o.s.web.servlet.DispatcherServlet        : Completed initialization in 1 ms
2024-02-22T01:44:26.032+01:00  INFO 1240 --- [http-nio-8080-exec-7] o.springdoc.api.AbstractOpenApiResource  : Init duration for springdoc-openapi is: 652 ms
2024-02-22T01:44:58.245+01:00  INFO 1240 --- [SpringApplicationShutdownHook] j.LocalContainerEntityManagerFactoryBean : Closing JPA EntityManagerFactory for persistence unit 'default'
2024-02-22T01:44:58.248+01:00  INFO 1240 --- [SpringApplicationShutdownHook] com.zaxxer.hikari.HikariDataSource       : HikariPool-1 - Shutdown initiated...
2024-02-22T01:44:58.259+01:00  INFO 1240 --- [SpringApplicationShutdownHook] com.zaxxer.hikari.HikariDataSource       : HikariPool-1 - Shutdown completed.
2024-02-22T01:45:59.075+01:00  INFO 3236 --- [main] S.G27ShopProjectApplication              : Starting G27ShopProjectApplication using Java 21.0.2 with PID 3236 (F:\PROGRAMMING\BackEnd\src\main\java\lesson\g_27_shop_project\target\classes started by User in F:\PROGRAMMING\BackEnd\src\main\java\lesson\g_27_shop_project)
2024-02-22T01:45:59.078+01:00  INFO 3236 --- [main] S.G27ShopProjectApplication              : No active profile set, falling back to 1 default profile: "default"
2024-02-22T01:46:00.477+01:00  INFO 3236 --- [main] .s.d.r.c.RepositoryConfigurationDelegate : Bootstrapping Spring Data JPA repositories in DEFAULT mode.
2024-02-22T01:46:00.643+01:00  INFO 3236 --- [main] .s.d.r.c.RepositoryConfigurationDelegate : Finished Spring Data repository scanning in 149 ms. Found 3 JPA repository interfaces.
2024-02-22T01:46:02.075+01:00  INFO 3236 --- [main] o.s.b.w.embedded.tomcat.TomcatWebServer  : Tomcat initialized with port 8080 (http)
2024-02-22T01:46:02.095+01:00  INFO 3236 --- [main] o.apache.catalina.core.StandardService   : Starting service [Tomcat]
2024-02-22T01:46:02.095+01:00  INFO 3236 --- [main] o.apache.catalina.core.StandardEngine    : Starting Servlet engine: [Apache Tomcat/10.1.16]
2024-02-22T01:46:02.225+01:00  INFO 3236 --- [main] o.a.c.c.C.[Tomcat].[localhost].[/]       : Initializing Spring embedded WebApplicationContext
2024-02-22T01:46:02.226+01:00  INFO 3236 --- [main] w.s.c.ServletWebServerApplicationContext : Root WebApplicationContext: initialization completed in 3077 ms
2024-02-22T01:46:02.560+01:00  INFO 3236 --- [main] o.hibernate.jpa.internal.util.LogHelper  : HHH000204: Processing PersistenceUnitInfo [name: default]
2024-02-22T01:46:02.686+01:00  INFO 3236 --- [main] org.hibernate.Version                    : HHH000412: Hibernate ORM core version 6.3.1.Final
2024-02-22T01:46:02.748+01:00  INFO 3236 --- [main] o.h.c.internal.RegionFactoryInitiator    : HHH000026: Second-level cache disabled
2024-02-22T01:46:03.163+01:00  INFO 3236 --- [main] o.s.o.j.p.SpringPersistenceUnitInfo      : No LoadTimeWeaver setup: ignoring JPA class transformer
2024-02-22T01:46:03.211+01:00  INFO 3236 --- [main] com.zaxxer.hikari.HikariDataSource       : HikariPool-1 - Starting...
2024-02-22T01:46:03.892+01:00  INFO 3236 --- [main] com.zaxxer.hikari.pool.HikariPool        : HikariPool-1 - Added connection com.mysql.cj.jdbc.ConnectionImpl@4392362c
2024-02-22T01:46:03.895+01:00  INFO 3236 --- [main] com.zaxxer.hikari.HikariDataSource       : HikariPool-1 - Start completed.
2024-02-22T01:46:05.425+01:00  INFO 3236 --- [main] o.h.e.t.j.p.i.JtaPlatformInitiator       : HHH000489: No JTA platform available (set 'hibernate.transaction.jta.platform' to enable JTA platform integration)
2024-02-22T01:46:05.429+01:00  INFO 3236 --- [main] j.LocalContainerEntityManagerFactoryBean : Initialized JPA EntityManagerFactory for persistence unit 'default'
2024-02-22T01:46:06.051+01:00  INFO 3236 --- [main] o.s.d.j.r.query.QueryEnhancerFactory     : Hibernate is in classpath; If applicable, HQL parser will be used.
2024-02-22T01:46:06.524+01:00  WARN 3236 --- [main] JpaBaseConfiguration$JpaWebConfiguration : spring.jpa.open-in-view is enabled by default. Therefore, database queries may be performed during view rendering. Explicitly configure spring.jpa.open-in-view to disable this warning
2024-02-22T01:46:07.470+01:00  INFO 3236 --- [main] o.s.b.w.embedded.tomcat.TomcatWebServer  : Tomcat started on port 8080 (http) with context path ''
2024-02-22T01:46:07.487+01:00  INFO 3236 --- [main] S.G27ShopProjectApplication              : Started G27ShopProjectApplication in 9.227 seconds (process running for 10.642)
2024-02-22T01:46:14.825+01:00  INFO 3236 --- [http-nio-8080-exec-1] o.apache.tomcat.util.http.parser.Cookie  : A cookie header was received [g_state={"i_l":0}] that contained an invalid cookie. That cookie will be ignored.
 Note: further occurrences of this error will be logged at DEBUG level.
2024-02-22T01:46:14.834+01:00  INFO 3236 --- [http-nio-8080-exec-1] o.a.c.c.C.[Tomcat].[localhost].[/]       : Initializing Spring DispatcherServlet 'dispatcherServlet'
2024-02-22T01:46:14.834+01:00  INFO 3236 --- [http-nio-8080-exec-1] o.s.web.servlet.DispatcherServlet        : Initializing Servlet 'dispatcherServlet'
2024-02-22T01:46:14.836+01:00  INFO 3236 --- [http-nio-8080-exec-1] o.s.web.servlet.DispatcherServlet        : Completed initialization in 2 ms
2024-02-22T01:54:06.549+01:00  WARN 3236 --- [HikariPool-1 housekeeper] com.zaxxer.hikari.pool.HikariPool        : HikariPool-1 - Thread starvation or clock leap detected (housekeeper delta=2m43s110ms88µs300ns).
2024-02-22T01:55:18.496+01:00  WARN 3236 --- [HikariPool-1 housekeeper] com.zaxxer.hikari.pool.HikariPool        : HikariPool-1 - Thread starvation or clock leap detected (housekeeper delta=1m11s946ms603µs900ns).
2024-02-22T01:58:10.822+01:00  WARN 3236 --- [HikariPool-1 housekeeper] com.zaxxer.hikari.pool.HikariPool        : HikariPool-1 - Thread starvation or clock leap detected (housekeeper delta=2m13s431ms570µs).
2024-02-22T01:59:53.368+01:00 ERROR 3236 --- [http-nio-8080-exec-9] o.a.c.c.C.[.[.[/].[dispatcherServlet]    : Servlet.service() for servlet [dispatcherServlet] in context with path [] threw exception [Request processing failed: org.springframework.http.converter.HttpMessageConversionException: Type definition error: [simple type, class Spring_Boot_Intro.domain.interfaces.Customer]] with root cause

com.fasterxml.jackson.databind.exc.InvalidDefinitionException: Cannot construct instance of `Spring_Boot_Intro.domain.interfaces.Customer` (no Creators, like default constructor, exist): abstract types either need to be mapped to concrete types, have custom deserializer, or contain additional type information
 at [Source: (org.springframework.util.StreamUtils$NonClosingInputStream); line: 8, column: 17] (through reference chain: Spring_Boot_Intro.domain.DTO.CustomerDto["cart"]->Spring_Boot_Intro.domain.DTO.CartDto["customer"])
	at com.fasterxml.jackson.databind.exc.InvalidDefinitionException.from(InvalidDefinitionException.java:67) ~[jackson-databind-2.15.3.jar:2.15.3]
	at com.fasterxml.jackson.databind.DeserializationContext.reportBadDefinition(DeserializationContext.java:1915) ~[jackson-databind-2.15.3.jar:2.15.3]
	at com.fasterxml.jackson.databind.DatabindContext.reportBadDefinition(DatabindContext.java:414) ~[jackson-databind-2.15.3.jar:2.15.3]
	at com.fasterxml.jackson.databind.DeserializationContext.handleMissingInstantiator(DeserializationContext.java:1360) ~[jackson-databind-2.15.3.jar:2.15.3]
	at com.fasterxml.jackson.databind.deser.AbstractDeserializer.deserialize(AbstractDeserializer.java:274) ~[jackson-databind-2.15.3.jar:2.15.3]
	at com.fasterxml.jackson.databind.deser.impl.MethodProperty.deserializeAndSet(MethodProperty.java:129) ~[jackson-databind-2.15.3.jar:2.15.3]
	at com.fasterxml.jackson.databind.deser.BeanDeserializer.deserializeFromObject(BeanDeserializer.java:392) ~[jackson-databind-2.15.3.jar:2.15.3]
	at com.fasterxml.jackson.databind.deser.BeanDeserializer.deserialize(BeanDeserializer.java:185) ~[jackson-databind-2.15.3.jar:2.15.3]
	at com.fasterxml.jackson.databind.deser.impl.MethodProperty.deserializeAndSet(MethodProperty.java:129) ~[jackson-databind-2.15.3.jar:2.15.3]
	at com.fasterxml.jackson.databind.deser.BeanDeserializer.deserializeFromObject(BeanDeserializer.java:392) ~[jackson-databind-2.15.3.jar:2.15.3]
	at com.fasterxml.jackson.databind.deser.BeanDeserializer.deserialize(BeanDeserializer.java:185) ~[jackson-databind-2.15.3.jar:2.15.3]
	at com.fasterxml.jackson.databind.deser.DefaultDeserializationContext.readRootValue(DefaultDeserializationContext.java:323) ~[jackson-databind-2.15.3.jar:2.15.3]
	at com.fasterxml.jackson.databind.ObjectReader._bindAndClose(ObjectReader.java:2105) ~[jackson-databind-2.15.3.jar:2.15.3]
	at com.fasterxml.jackson.databind.ObjectReader.readValue(ObjectReader.java:1481) ~[jackson-databind-2.15.3.jar:2.15.3]
	at org.springframework.http.converter.json.AbstractJackson2HttpMessageConverter.readJavaType(AbstractJackson2HttpMessageConverter.java:395) ~[spring-web-6.1.1.jar:6.1.1]
	at org.springframework.http.converter.json.AbstractJackson2HttpMessageConverter.read(AbstractJackson2HttpMessageConverter.java:354) ~[spring-web-6.1.1.jar:6.1.1]
	at org.springframework.web.servlet.mvc.method.annotation.AbstractMessageConverterMethodArgumentResolver.readWithMessageConverters(AbstractMessageConverterMethodArgumentResolver.java:184) ~[spring-webmvc-6.1.1.jar:6.1.1]
	at org.springframework.web.servlet.mvc.method.annotation.RequestResponseBodyMethodProcessor.readWithMessageConverters(RequestResponseBodyMethodProcessor.java:159) ~[spring-webmvc-6.1.1.jar:6.1.1]
	at org.springframework.web.servlet.mvc.method.annotation.RequestResponseBodyMethodProcessor.resolveArgument(RequestResponseBodyMethodProcessor.java:134) ~[spring-webmvc-6.1.1.jar:6.1.1]
	at org.springframework.web.method.support.HandlerMethodArgumentResolverComposite.resolveArgument(HandlerMethodArgumentResolverComposite.java:122) ~[spring-web-6.1.1.jar:6.1.1]
	at org.springframework.web.method.support.InvocableHandlerMethod.getMethodArgumentValues(InvocableHandlerMethod.java:218) ~[spring-web-6.1.1.jar:6.1.1]
	at org.springframework.web.method.support.InvocableHandlerMethod.invokeForRequest(InvocableHandlerMethod.java:171) ~[spring-web-6.1.1.jar:6.1.1]
	at org.springframework.web.servlet.mvc.method.annotation.ServletInvocableHandlerMethod.invokeAndHandle(ServletInvocableHandlerMethod.java:118) ~[spring-webmvc-6.1.1.jar:6.1.1]
	at org.springframework.web.servlet.mvc.method.annotation.RequestMappingHandlerAdapter.invokeHandlerMethod(RequestMappingHandlerAdapter.java:917) ~[spring-webmvc-6.1.1.jar:6.1.1]
	at org.springframework.web.servlet.mvc.method.annotation.RequestMappingHandlerAdapter.handleInternal(RequestMappingHandlerAdapter.java:829) ~[spring-webmvc-6.1.1.jar:6.1.1]
	at org.springframework.web.servlet.mvc.method.AbstractHandlerMethodAdapter.handle(AbstractHandlerMethodAdapter.java:87) ~[spring-webmvc-6.1.1.jar:6.1.1]
	at org.springframework.web.servlet.DispatcherServlet.doDispatch(DispatcherServlet.java:1089) ~[spring-webmvc-6.1.1.jar:6.1.1]
	at org.springframework.web.servlet.DispatcherServlet.doService(DispatcherServlet.java:979) ~[spring-webmvc-6.1.1.jar:6.1.1]
	at org.springframework.web.servlet.FrameworkServlet.processRequest(FrameworkServlet.java:1014) ~[spring-webmvc-6.1.1.jar:6.1.1]
	at org.springframework.web.servlet.FrameworkServlet.doPost(FrameworkServlet.java:914) ~[spring-webmvc-6.1.1.jar:6.1.1]
	at jakarta.servlet.http.HttpServlet.service(HttpServlet.java:590) ~[tomcat-embed-core-10.1.16.jar:6.0]
	at org.springframework.web.servlet.FrameworkServlet.service(FrameworkServlet.java:885) ~[spring-webmvc-6.1.1.jar:6.1.1]
	at jakarta.servlet.http.HttpServlet.service(HttpServlet.java:658) ~[tomcat-embed-core-10.1.16.jar:6.0]
	at org.apache.catalina.core.ApplicationFilterChain.internalDoFilter(ApplicationFilterChain.java:205) ~[tomcat-embed-core-10.1.16.jar:10.1.16]
	at org.apache.catalina.core.ApplicationFilterChain.doFilter(ApplicationFilterChain.java:149) ~[tomcat-embed-core-10.1.16.jar:10.1.16]
	at org.apache.tomcat.websocket.server.WsFilter.doFilter(WsFilter.java:51) ~[tomcat-embed-websocket-10.1.16.jar:10.1.16]
	at org.apache.catalina.core.ApplicationFilterChain.internalDoFilter(ApplicationFilterChain.java:174) ~[tomcat-embed-core-10.1.16.jar:10.1.16]
	at org.apache.catalina.core.ApplicationFilterChain.doFilter(ApplicationFilterChain.java:149) ~[tomcat-embed-core-10.1.16.jar:10.1.16]
	at org.springframework.web.filter.CharacterEncodingFilter.doFilterInternal(CharacterEncodingFilter.java:201) ~[spring-web-6.1.1.jar:6.1.1]
	at org.springframework.web.filter.OncePerRequestFilter.doFilter(OncePerRequestFilter.java:116) ~[spring-web-6.1.1.jar:6.1.1]
	at org.apache.catalina.core.ApplicationFilterChain.internalDoFilter(ApplicationFilterChain.java:174) ~[tomcat-embed-core-10.1.16.jar:10.1.16]
	at org.apache.catalina.core.ApplicationFilterChain.doFilter(ApplicationFilterChain.java:149) ~[tomcat-embed-core-10.1.16.jar:10.1.16]
	at org.apache.catalina.core.StandardWrapperValve.invoke(StandardWrapperValve.java:167) ~[tomcat-embed-core-10.1.16.jar:10.1.16]
	at org.apache.catalina.core.StandardContextValve.invoke(StandardContextValve.java:90) ~[tomcat-embed-core-10.1.16.jar:10.1.16]
	at org.apache.catalina.authenticator.AuthenticatorBase.invoke(AuthenticatorBase.java:482) ~[tomcat-embed-core-10.1.16.jar:10.1.16]
	at org.apache.catalina.core.StandardHostValve.invoke(StandardHostValve.java:115) ~[tomcat-embed-core-10.1.16.jar:10.1.16]
	at org.apache.catalina.valves.ErrorReportValve.invoke(ErrorReportValve.java:93) ~[tomcat-embed-core-10.1.16.jar:10.1.16]
	at org.apache.catalina.core.StandardEngineValve.invoke(StandardEngineValve.java:74) ~[tomcat-embed-core-10.1.16.jar:10.1.16]
	at org.apache.catalina.connector.CoyoteAdapter.service(CoyoteAdapter.java:340) ~[tomcat-embed-core-10.1.16.jar:10.1.16]
	at org.apache.coyote.http11.Http11Processor.service(Http11Processor.java:391) ~[tomcat-embed-core-10.1.16.jar:10.1.16]
	at org.apache.coyote.AbstractProcessorLight.process(AbstractProcessorLight.java:63) ~[tomcat-embed-core-10.1.16.jar:10.1.16]
	at org.apache.coyote.AbstractProtocol$ConnectionHandler.process(AbstractProtocol.java:896) ~[tomcat-embed-core-10.1.16.jar:10.1.16]
	at org.apache.tomcat.util.net.NioEndpoint$SocketProcessor.doRun(NioEndpoint.java:1744) ~[tomcat-embed-core-10.1.16.jar:10.1.16]
	at org.apache.tomcat.util.net.SocketProcessorBase.run(SocketProcessorBase.java:52) ~[tomcat-embed-core-10.1.16.jar:10.1.16]
	at org.apache.tomcat.util.threads.ThreadPoolExecutor.runWorker(ThreadPoolExecutor.java:1191) ~[tomcat-embed-core-10.1.16.jar:10.1.16]
	at org.apache.tomcat.util.threads.ThreadPoolExecutor$Worker.run(ThreadPoolExecutor.java:659) ~[tomcat-embed-core-10.1.16.jar:10.1.16]
	at org.apache.tomcat.util.threads.TaskThread$WrappingRunnable.run(TaskThread.java:61) ~[tomcat-embed-core-10.1.16.jar:10.1.16]
	at java.base/java.lang.Thread.run(Thread.java:1583) ~[na:na]

2024-02-22T01:59:55.300+01:00 ERROR 3236 --- [http-nio-8080-exec-8] o.a.c.c.C.[.[.[/].[dispatcherServlet]    : Servlet.service() for servlet [dispatcherServlet] in context with path [] threw exception [Request processing failed: org.springframework.http.converter.HttpMessageConversionException: Type definition error: [simple type, class Spring_Boot_Intro.domain.interfaces.Customer]] with root cause

com.fasterxml.jackson.databind.exc.InvalidDefinitionException: Cannot construct instance of `Spring_Boot_Intro.domain.interfaces.Customer` (no Creators, like default constructor, exist): abstract types either need to be mapped to concrete types, have custom deserializer, or contain additional type information
 at [Source: (org.springframework.util.StreamUtils$NonClosingInputStream); line: 8, column: 17] (through reference chain: Spring_Boot_Intro.domain.DTO.CustomerDto["cart"]->Spring_Boot_Intro.domain.DTO.CartDto["customer"])
	at com.fasterxml.jackson.databind.exc.InvalidDefinitionException.from(InvalidDefinitionException.java:67) ~[jackson-databind-2.15.3.jar:2.15.3]
	at com.fasterxml.jackson.databind.DeserializationContext.reportBadDefinition(DeserializationContext.java:1915) ~[jackson-databind-2.15.3.jar:2.15.3]
	at com.fasterxml.jackson.databind.DatabindContext.reportBadDefinition(DatabindContext.java:414) ~[jackson-databind-2.15.3.jar:2.15.3]
	at com.fasterxml.jackson.databind.DeserializationContext.handleMissingInstantiator(DeserializationContext.java:1360) ~[jackson-databind-2.15.3.jar:2.15.3]
	at com.fasterxml.jackson.databind.deser.AbstractDeserializer.deserialize(AbstractDeserializer.java:274) ~[jackson-databind-2.15.3.jar:2.15.3]
	at com.fasterxml.jackson.databind.deser.impl.MethodProperty.deserializeAndSet(MethodProperty.java:129) ~[jackson-databind-2.15.3.jar:2.15.3]
	at com.fasterxml.jackson.databind.deser.BeanDeserializer.deserializeFromObject(BeanDeserializer.java:392) ~[jackson-databind-2.15.3.jar:2.15.3]
	at com.fasterxml.jackson.databind.deser.BeanDeserializer.deserialize(BeanDeserializer.java:185) ~[jackson-databind-2.15.3.jar:2.15.3]
	at com.fasterxml.jackson.databind.deser.impl.MethodProperty.deserializeAndSet(MethodProperty.java:129) ~[jackson-databind-2.15.3.jar:2.15.3]
	at com.fasterxml.jackson.databind.deser.BeanDeserializer.deserializeFromObject(BeanDeserializer.java:392) ~[jackson-databind-2.15.3.jar:2.15.3]
	at com.fasterxml.jackson.databind.deser.BeanDeserializer.deserialize(BeanDeserializer.java:185) ~[jackson-databind-2.15.3.jar:2.15.3]
	at com.fasterxml.jackson.databind.deser.DefaultDeserializationContext.readRootValue(DefaultDeserializationContext.java:323) ~[jackson-databind-2.15.3.jar:2.15.3]
	at com.fasterxml.jackson.databind.ObjectReader._bindAndClose(ObjectReader.java:2105) ~[jackson-databind-2.15.3.jar:2.15.3]
	at com.fasterxml.jackson.databind.ObjectReader.readValue(ObjectReader.java:1481) ~[jackson-databind-2.15.3.jar:2.15.3]
	at org.springframework.http.converter.json.AbstractJackson2HttpMessageConverter.readJavaType(AbstractJackson2HttpMessageConverter.java:395) ~[spring-web-6.1.1.jar:6.1.1]
	at org.springframework.http.converter.json.AbstractJackson2HttpMessageConverter.read(AbstractJackson2HttpMessageConverter.java:354) ~[spring-web-6.1.1.jar:6.1.1]
	at org.springframework.web.servlet.mvc.method.annotation.AbstractMessageConverterMethodArgumentResolver.readWithMessageConverters(AbstractMessageConverterMethodArgumentResolver.java:184) ~[spring-webmvc-6.1.1.jar:6.1.1]
	at org.springframework.web.servlet.mvc.method.annotation.RequestResponseBodyMethodProcessor.readWithMessageConverters(RequestResponseBodyMethodProcessor.java:159) ~[spring-webmvc-6.1.1.jar:6.1.1]
	at org.springframework.web.servlet.mvc.method.annotation.RequestResponseBodyMethodProcessor.resolveArgument(RequestResponseBodyMethodProcessor.java:134) ~[spring-webmvc-6.1.1.jar:6.1.1]
	at org.springframework.web.method.support.HandlerMethodArgumentResolverComposite.resolveArgument(HandlerMethodArgumentResolverComposite.java:122) ~[spring-web-6.1.1.jar:6.1.1]
	at org.springframework.web.method.support.InvocableHandlerMethod.getMethodArgumentValues(InvocableHandlerMethod.java:218) ~[spring-web-6.1.1.jar:6.1.1]
	at org.springframework.web.method.support.InvocableHandlerMethod.invokeForRequest(InvocableHandlerMethod.java:171) ~[spring-web-6.1.1.jar:6.1.1]
	at org.springframework.web.servlet.mvc.method.annotation.ServletInvocableHandlerMethod.invokeAndHandle(ServletInvocableHandlerMethod.java:118) ~[spring-webmvc-6.1.1.jar:6.1.1]
	at org.springframework.web.servlet.mvc.method.annotation.RequestMappingHandlerAdapter.invokeHandlerMethod(RequestMappingHandlerAdapter.java:917) ~[spring-webmvc-6.1.1.jar:6.1.1]
	at org.springframework.web.servlet.mvc.method.annotation.RequestMappingHandlerAdapter.handleInternal(RequestMappingHandlerAdapter.java:829) ~[spring-webmvc-6.1.1.jar:6.1.1]
	at org.springframework.web.servlet.mvc.method.AbstractHandlerMethodAdapter.handle(AbstractHandlerMethodAdapter.java:87) ~[spring-webmvc-6.1.1.jar:6.1.1]
	at org.springframework.web.servlet.DispatcherServlet.doDispatch(DispatcherServlet.java:1089) ~[spring-webmvc-6.1.1.jar:6.1.1]
	at org.springframework.web.servlet.DispatcherServlet.doService(DispatcherServlet.java:979) ~[spring-webmvc-6.1.1.jar:6.1.1]
	at org.springframework.web.servlet.FrameworkServlet.processRequest(FrameworkServlet.java:1014) ~[spring-webmvc-6.1.1.jar:6.1.1]
	at org.springframework.web.servlet.FrameworkServlet.doPost(FrameworkServlet.java:914) ~[spring-webmvc-6.1.1.jar:6.1.1]
	at jakarta.servlet.http.HttpServlet.service(HttpServlet.java:590) ~[tomcat-embed-core-10.1.16.jar:6.0]
	at org.springframework.web.servlet.FrameworkServlet.service(FrameworkServlet.java:885) ~[spring-webmvc-6.1.1.jar:6.1.1]
	at jakarta.servlet.http.HttpServlet.service(HttpServlet.java:658) ~[tomcat-embed-core-10.1.16.jar:6.0]
	at org.apache.catalina.core.ApplicationFilterChain.internalDoFilter(ApplicationFilterChain.java:205) ~[tomcat-embed-core-10.1.16.jar:10.1.16]
	at org.apache.catalina.core.ApplicationFilterChain.doFilter(ApplicationFilterChain.java:149) ~[tomcat-embed-core-10.1.16.jar:10.1.16]
	at org.apache.tomcat.websocket.server.WsFilter.doFilter(WsFilter.java:51) ~[tomcat-embed-websocket-10.1.16.jar:10.1.16]
	at org.apache.catalina.core.ApplicationFilterChain.internalDoFilter(ApplicationFilterChain.java:174) ~[tomcat-embed-core-10.1.16.jar:10.1.16]
	at org.apache.catalina.core.ApplicationFilterChain.doFilter(ApplicationFilterChain.java:149) ~[tomcat-embed-core-10.1.16.jar:10.1.16]
	at org.springframework.web.filter.CharacterEncodingFilter.doFilterInternal(CharacterEncodingFilter.java:201) ~[spring-web-6.1.1.jar:6.1.1]
	at org.springframework.web.filter.OncePerRequestFilter.doFilter(OncePerRequestFilter.java:116) ~[spring-web-6.1.1.jar:6.1.1]
	at org.apache.catalina.core.ApplicationFilterChain.internalDoFilter(ApplicationFilterChain.java:174) ~[tomcat-embed-core-10.1.16.jar:10.1.16]
	at org.apache.catalina.core.ApplicationFilterChain.doFilter(ApplicationFilterChain.java:149) ~[tomcat-embed-core-10.1.16.jar:10.1.16]
	at org.apache.catalina.core.StandardWrapperValve.invoke(StandardWrapperValve.java:167) ~[tomcat-embed-core-10.1.16.jar:10.1.16]
	at org.apache.catalina.core.StandardContextValve.invoke(StandardContextValve.java:90) ~[tomcat-embed-core-10.1.16.jar:10.1.16]
	at org.apache.catalina.authenticator.AuthenticatorBase.invoke(AuthenticatorBase.java:482) ~[tomcat-embed-core-10.1.16.jar:10.1.16]
	at org.apache.catalina.core.StandardHostValve.invoke(StandardHostValve.java:115) ~[tomcat-embed-core-10.1.16.jar:10.1.16]
	at org.apache.catalina.valves.ErrorReportValve.invoke(ErrorReportValve.java:93) ~[tomcat-embed-core-10.1.16.jar:10.1.16]
	at org.apache.catalina.core.StandardEngineValve.invoke(StandardEngineValve.java:74) ~[tomcat-embed-core-10.1.16.jar:10.1.16]
	at org.apache.catalina.connector.CoyoteAdapter.service(CoyoteAdapter.java:340) ~[tomcat-embed-core-10.1.16.jar:10.1.16]
	at org.apache.coyote.http11.Http11Processor.service(Http11Processor.java:391) ~[tomcat-embed-core-10.1.16.jar:10.1.16]
	at org.apache.coyote.AbstractProcessorLight.process(AbstractProcessorLight.java:63) ~[tomcat-embed-core-10.1.16.jar:10.1.16]
	at org.apache.coyote.AbstractProtocol$ConnectionHandler.process(AbstractProtocol.java:896) ~[tomcat-embed-core-10.1.16.jar:10.1.16]
	at org.apache.tomcat.util.net.NioEndpoint$SocketProcessor.doRun(NioEndpoint.java:1744) ~[tomcat-embed-core-10.1.16.jar:10.1.16]
	at org.apache.tomcat.util.net.SocketProcessorBase.run(SocketProcessorBase.java:52) ~[tomcat-embed-core-10.1.16.jar:10.1.16]
	at org.apache.tomcat.util.threads.ThreadPoolExecutor.runWorker(ThreadPoolExecutor.java:1191) ~[tomcat-embed-core-10.1.16.jar:10.1.16]
	at org.apache.tomcat.util.threads.ThreadPoolExecutor$Worker.run(ThreadPoolExecutor.java:659) ~[tomcat-embed-core-10.1.16.jar:10.1.16]
	at org.apache.tomcat.util.threads.TaskThread$WrappingRunnable.run(TaskThread.java:61) ~[tomcat-embed-core-10.1.16.jar:10.1.16]
	at java.base/java.lang.Thread.run(Thread.java:1583) ~[na:na]

2024-02-22T02:00:13.347+01:00  INFO 3236 --- [SpringApplicationShutdownHook] j.LocalContainerEntityManagerFactoryBean : Closing JPA EntityManagerFactory for persistence unit 'default'
2024-02-22T02:00:13.351+01:00  INFO 3236 --- [SpringApplicationShutdownHook] com.zaxxer.hikari.HikariDataSource       : HikariPool-1 - Shutdown initiated...
2024-02-22T02:00:13.363+01:00  INFO 3236 --- [SpringApplicationShutdownHook] com.zaxxer.hikari.HikariDataSource       : HikariPool-1 - Shutdown completed.
2024-02-22T02:19:16.067+01:00  INFO 11340 --- [main] S.G27ShopProjectApplication              : Starting G27ShopProjectApplication using Java 21.0.2 with PID 11340 (F:\PROGRAMMING\BackEnd\src\main\java\lesson\g_27_shop_project\target\classes started by User in F:\PROGRAMMING\BackEnd\src\main\java\lesson\g_27_shop_project)
2024-02-22T02:19:16.070+01:00  INFO 11340 --- [main] S.G27ShopProjectApplication              : No active profile set, falling back to 1 default profile: "default"
2024-02-22T02:19:17.408+01:00  INFO 11340 --- [main] .s.d.r.c.RepositoryConfigurationDelegate : Bootstrapping Spring Data JPA repositories in DEFAULT mode.
2024-02-22T02:19:17.525+01:00  INFO 11340 --- [main] .s.d.r.c.RepositoryConfigurationDelegate : Finished Spring Data repository scanning in 106 ms. Found 3 JPA repository interfaces.
2024-02-22T02:19:18.683+01:00  INFO 11340 --- [main] o.s.b.w.embedded.tomcat.TomcatWebServer  : Tomcat initialized with port 8080 (http)
2024-02-22T02:19:18.698+01:00  INFO 11340 --- [main] o.apache.catalina.core.StandardService   : Starting service [Tomcat]
2024-02-22T02:19:18.699+01:00  INFO 11340 --- [main] o.apache.catalina.core.StandardEngine    : Starting Servlet engine: [Apache Tomcat/10.1.16]
2024-02-22T02:19:18.815+01:00  INFO 11340 --- [main] o.a.c.c.C.[Tomcat].[localhost].[/]       : Initializing Spring embedded WebApplicationContext
2024-02-22T02:19:18.816+01:00  INFO 11340 --- [main] w.s.c.ServletWebServerApplicationContext : Root WebApplicationContext: initialization completed in 2674 ms
2024-02-22T02:19:19.100+01:00  INFO 11340 --- [main] o.hibernate.jpa.internal.util.LogHelper  : HHH000204: Processing PersistenceUnitInfo [name: default]
2024-02-22T02:19:19.206+01:00  INFO 11340 --- [main] org.hibernate.Version                    : HHH000412: Hibernate ORM core version 6.3.1.Final
2024-02-22T02:19:19.259+01:00  INFO 11340 --- [main] o.h.c.internal.RegionFactoryInitiator    : HHH000026: Second-level cache disabled
2024-02-22T02:19:19.595+01:00  INFO 11340 --- [main] o.s.o.j.p.SpringPersistenceUnitInfo      : No LoadTimeWeaver setup: ignoring JPA class transformer
2024-02-22T02:19:19.634+01:00  INFO 11340 --- [main] com.zaxxer.hikari.HikariDataSource       : HikariPool-1 - Starting...
2024-02-22T02:19:20.175+01:00  INFO 11340 --- [main] com.zaxxer.hikari.pool.HikariPool        : HikariPool-1 - Added connection com.mysql.cj.jdbc.ConnectionImpl@503556cb
2024-02-22T02:19:20.178+01:00  INFO 11340 --- [main] com.zaxxer.hikari.HikariDataSource       : HikariPool-1 - Start completed.
2024-02-22T02:19:21.549+01:00  INFO 11340 --- [main] o.h.e.t.j.p.i.JtaPlatformInitiator       : HHH000489: No JTA platform available (set 'hibernate.transaction.jta.platform' to enable JTA platform integration)
2024-02-22T02:19:21.553+01:00  INFO 11340 --- [main] j.LocalContainerEntityManagerFactoryBean : Initialized JPA EntityManagerFactory for persistence unit 'default'
2024-02-22T02:19:22.178+01:00  INFO 11340 --- [main] o.s.d.j.r.query.QueryEnhancerFactory     : Hibernate is in classpath; If applicable, HQL parser will be used.
2024-02-22T02:19:22.599+01:00  WARN 11340 --- [main] JpaBaseConfiguration$JpaWebConfiguration : spring.jpa.open-in-view is enabled by default. Therefore, database queries may be performed during view rendering. Explicitly configure spring.jpa.open-in-view to disable this warning
2024-02-22T02:19:23.519+01:00  INFO 11340 --- [main] o.s.b.w.embedded.tomcat.TomcatWebServer  : Tomcat started on port 8080 (http) with context path ''
2024-02-22T02:19:23.540+01:00  INFO 11340 --- [main] S.G27ShopProjectApplication              : Started G27ShopProjectApplication in 8.206 seconds (process running for 9.043)
2024-02-22T02:19:26.340+01:00  INFO 11340 --- [http-nio-8080-exec-2] o.apache.tomcat.util.http.parser.Cookie  : A cookie header was received [g_state={"i_l":0}] that contained an invalid cookie. That cookie will be ignored.
 Note: further occurrences of this error will be logged at DEBUG level.
2024-02-22T02:19:26.349+01:00  INFO 11340 --- [http-nio-8080-exec-2] o.a.c.c.C.[Tomcat].[localhost].[/]       : Initializing Spring DispatcherServlet 'dispatcherServlet'
2024-02-22T02:19:26.349+01:00  INFO 11340 --- [http-nio-8080-exec-2] o.s.web.servlet.DispatcherServlet        : Initializing Servlet 'dispatcherServlet'
2024-02-22T02:19:26.351+01:00  INFO 11340 --- [http-nio-8080-exec-2] o.s.web.servlet.DispatcherServlet        : Completed initialization in 2 ms
2024-02-22T02:19:26.385+01:00  INFO 11340 --- [http-nio-8080-exec-2] S.logging.AspectLogging                  : Вызван метод getAllActiveProducts
2024-02-22T02:21:27.375+01:00  INFO 11340 --- [SpringApplicationShutdownHook] j.LocalContainerEntityManagerFactoryBean : Closing JPA EntityManagerFactory for persistence unit 'default'
2024-02-22T02:21:27.379+01:00  INFO 11340 --- [SpringApplicationShutdownHook] com.zaxxer.hikari.HikariDataSource       : HikariPool-1 - Shutdown initiated...
2024-02-22T02:21:27.393+01:00  INFO 11340 --- [SpringApplicationShutdownHook] com.zaxxer.hikari.HikariDataSource       : HikariPool-1 - Shutdown completed.
2024-02-22T02:21:33.991+01:00  INFO 11012 --- [main] S.G27ShopProjectApplication              : Starting G27ShopProjectApplication using Java 21.0.2 with PID 11012 (F:\PROGRAMMING\BackEnd\src\main\java\lesson\g_27_shop_project\target\classes started by User in F:\PROGRAMMING\BackEnd\src\main\java\lesson\g_27_shop_project)
2024-02-22T02:21:33.994+01:00  INFO 11012 --- [main] S.G27ShopProjectApplication              : No active profile set, falling back to 1 default profile: "default"
2024-02-22T02:21:35.223+01:00  INFO 11012 --- [main] .s.d.r.c.RepositoryConfigurationDelegate : Bootstrapping Spring Data JPA repositories in DEFAULT mode.
2024-02-22T02:21:35.329+01:00  INFO 11012 --- [main] .s.d.r.c.RepositoryConfigurationDelegate : Finished Spring Data repository scanning in 96 ms. Found 3 JPA repository interfaces.
2024-02-22T02:21:36.434+01:00  INFO 11012 --- [main] o.s.b.w.embedded.tomcat.TomcatWebServer  : Tomcat initialized with port 8080 (http)
2024-02-22T02:21:36.449+01:00  INFO 11012 --- [main] o.apache.catalina.core.StandardService   : Starting service [Tomcat]
2024-02-22T02:21:36.449+01:00  INFO 11012 --- [main] o.apache.catalina.core.StandardEngine    : Starting Servlet engine: [Apache Tomcat/10.1.16]
2024-02-22T02:21:36.549+01:00  INFO 11012 --- [main] o.a.c.c.C.[Tomcat].[localhost].[/]       : Initializing Spring embedded WebApplicationContext
2024-02-22T02:21:36.549+01:00  INFO 11012 --- [main] w.s.c.ServletWebServerApplicationContext : Root WebApplicationContext: initialization completed in 2479 ms
2024-02-22T02:21:36.801+01:00  INFO 11012 --- [main] o.hibernate.jpa.internal.util.LogHelper  : HHH000204: Processing PersistenceUnitInfo [name: default]
2024-02-22T02:21:36.906+01:00  INFO 11012 --- [main] org.hibernate.Version                    : HHH000412: Hibernate ORM core version 6.3.1.Final
2024-02-22T02:21:36.955+01:00  INFO 11012 --- [main] o.h.c.internal.RegionFactoryInitiator    : HHH000026: Second-level cache disabled
2024-02-22T02:21:37.293+01:00  INFO 11012 --- [main] o.s.o.j.p.SpringPersistenceUnitInfo      : No LoadTimeWeaver setup: ignoring JPA class transformer
2024-02-22T02:21:37.333+01:00  INFO 11012 --- [main] com.zaxxer.hikari.HikariDataSource       : HikariPool-1 - Starting...
2024-02-22T02:21:37.845+01:00  INFO 11012 --- [main] com.zaxxer.hikari.pool.HikariPool        : HikariPool-1 - Added connection com.mysql.cj.jdbc.ConnectionImpl@5922cff3
2024-02-22T02:21:37.847+01:00  INFO 11012 --- [main] com.zaxxer.hikari.HikariDataSource       : HikariPool-1 - Start completed.
2024-02-22T02:21:39.141+01:00  INFO 11012 --- [main] o.h.e.t.j.p.i.JtaPlatformInitiator       : HHH000489: No JTA platform available (set 'hibernate.transaction.jta.platform' to enable JTA platform integration)
2024-02-22T02:21:39.145+01:00  INFO 11012 --- [main] j.LocalContainerEntityManagerFactoryBean : Initialized JPA EntityManagerFactory for persistence unit 'default'
2024-02-22T02:21:39.659+01:00  INFO 11012 --- [main] o.s.d.j.r.query.QueryEnhancerFactory     : Hibernate is in classpath; If applicable, HQL parser will be used.
2024-02-22T02:21:40.030+01:00  WARN 11012 --- [main] JpaBaseConfiguration$JpaWebConfiguration : spring.jpa.open-in-view is enabled by default. Therefore, database queries may be performed during view rendering. Explicitly configure spring.jpa.open-in-view to disable this warning
2024-02-22T02:21:40.848+01:00  INFO 11012 --- [main] o.s.b.w.embedded.tomcat.TomcatWebServer  : Tomcat started on port 8080 (http) with context path ''
2024-02-22T02:21:40.866+01:00  INFO 11012 --- [main] S.G27ShopProjectApplication              : Started G27ShopProjectApplication in 7.588 seconds (process running for 8.341)
2024-02-22T02:22:23.380+01:00  INFO 11012 --- [http-nio-8080-exec-2] o.apache.tomcat.util.http.parser.Cookie  : A cookie header was received [g_state={"i_l":0}] that contained an invalid cookie. That cookie will be ignored.
 Note: further occurrences of this error will be logged at DEBUG level.
2024-02-22T02:22:23.388+01:00  INFO 11012 --- [http-nio-8080-exec-2] o.a.c.c.C.[Tomcat].[localhost].[/]       : Initializing Spring DispatcherServlet 'dispatcherServlet'
2024-02-22T02:22:23.388+01:00  INFO 11012 --- [http-nio-8080-exec-2] o.s.web.servlet.DispatcherServlet        : Initializing Servlet 'dispatcherServlet'
2024-02-22T02:22:23.390+01:00  INFO 11012 --- [http-nio-8080-exec-2] o.s.web.servlet.DispatcherServlet        : Completed initialization in 1 ms
2024-02-22T02:22:56.044+01:00  INFO 11012 --- [SpringApplicationShutdownHook] j.LocalContainerEntityManagerFactoryBean : Closing JPA EntityManagerFactory for persistence unit 'default'
2024-02-22T02:22:56.047+01:00  INFO 11012 --- [SpringApplicationShutdownHook] com.zaxxer.hikari.HikariDataSource       : HikariPool-1 - Shutdown initiated...
2024-02-22T02:22:56.059+01:00  INFO 11012 --- [SpringApplicationShutdownHook] com.zaxxer.hikari.HikariDataSource       : HikariPool-1 - Shutdown completed.
2024-02-22T02:36:07.535+01:00  INFO 10380 --- [main] S.G27ShopProjectApplication              : Starting G27ShopProjectApplication using Java 21.0.2 with PID 10380 (F:\PROGRAMMING\BackEnd\src\main\java\lesson\g_27_shop_project\target\classes started by User in F:\PROGRAMMING\BackEnd\src\main\java\lesson\g_27_shop_project)
2024-02-22T02:36:07.539+01:00  INFO 10380 --- [main] S.G27ShopProjectApplication              : No active profile set, falling back to 1 default profile: "default"
2024-02-22T02:36:08.784+01:00  INFO 10380 --- [main] .s.d.r.c.RepositoryConfigurationDelegate : Bootstrapping Spring Data JPA repositories in DEFAULT mode.
2024-02-22T02:36:08.882+01:00  INFO 10380 --- [main] .s.d.r.c.RepositoryConfigurationDelegate : Finished Spring Data repository scanning in 87 ms. Found 3 JPA repository interfaces.
2024-02-22T02:36:09.927+01:00  INFO 10380 --- [main] o.s.b.w.embedded.tomcat.TomcatWebServer  : Tomcat initialized with port 8080 (http)
2024-02-22T02:36:09.940+01:00  INFO 10380 --- [main] o.apache.catalina.core.StandardService   : Starting service [Tomcat]
2024-02-22T02:36:09.941+01:00  INFO 10380 --- [main] o.apache.catalina.core.StandardEngine    : Starting Servlet engine: [Apache Tomcat/10.1.16]
2024-02-22T02:36:10.041+01:00  INFO 10380 --- [main] o.a.c.c.C.[Tomcat].[localhost].[/]       : Initializing Spring embedded WebApplicationContext
2024-02-22T02:36:10.041+01:00  INFO 10380 --- [main] w.s.c.ServletWebServerApplicationContext : Root WebApplicationContext: initialization completed in 2427 ms
2024-02-22T02:36:10.296+01:00  INFO 10380 --- [main] o.hibernate.jpa.internal.util.LogHelper  : HHH000204: Processing PersistenceUnitInfo [name: default]
2024-02-22T02:36:10.403+01:00  INFO 10380 --- [main] org.hibernate.Version                    : HHH000412: Hibernate ORM core version 6.3.1.Final
2024-02-22T02:36:10.458+01:00  INFO 10380 --- [main] o.h.c.internal.RegionFactoryInitiator    : HHH000026: Second-level cache disabled
2024-02-22T02:36:10.824+01:00  INFO 10380 --- [main] o.s.o.j.p.SpringPersistenceUnitInfo      : No LoadTimeWeaver setup: ignoring JPA class transformer
2024-02-22T02:36:10.874+01:00  INFO 10380 --- [main] com.zaxxer.hikari.HikariDataSource       : HikariPool-1 - Starting...
2024-02-22T02:36:11.449+01:00  INFO 10380 --- [main] com.zaxxer.hikari.pool.HikariPool        : HikariPool-1 - Added connection com.mysql.cj.jdbc.ConnectionImpl@224e6e88
2024-02-22T02:36:11.452+01:00  INFO 10380 --- [main] com.zaxxer.hikari.HikariDataSource       : HikariPool-1 - Start completed.
2024-02-22T02:36:13.137+01:00  INFO 10380 --- [main] o.h.e.t.j.p.i.JtaPlatformInitiator       : HHH000489: No JTA platform available (set 'hibernate.transaction.jta.platform' to enable JTA platform integration)
2024-02-22T02:36:13.141+01:00  INFO 10380 --- [main] j.LocalContainerEntityManagerFactoryBean : Initialized JPA EntityManagerFactory for persistence unit 'default'
2024-02-22T02:36:13.691+01:00  INFO 10380 --- [main] o.s.d.j.r.query.QueryEnhancerFactory     : Hibernate is in classpath; If applicable, HQL parser will be used.
2024-02-22T02:36:14.127+01:00  WARN 10380 --- [main] JpaBaseConfiguration$JpaWebConfiguration : spring.jpa.open-in-view is enabled by default. Therefore, database queries may be performed during view rendering. Explicitly configure spring.jpa.open-in-view to disable this warning
2024-02-22T02:36:14.918+01:00  INFO 10380 --- [main] o.s.b.w.embedded.tomcat.TomcatWebServer  : Tomcat started on port 8080 (http) with context path ''
2024-02-22T02:36:14.936+01:00  INFO 10380 --- [main] S.G27ShopProjectApplication              : Started G27ShopProjectApplication in 8.135 seconds (process running for 9.142)
2024-02-22T02:36:18.883+01:00  INFO 10380 --- [http-nio-8080-exec-2] o.apache.tomcat.util.http.parser.Cookie  : A cookie header was received [g_state={"i_l":0}] that contained an invalid cookie. That cookie will be ignored.
 Note: further occurrences of this error will be logged at DEBUG level.
2024-02-22T02:36:18.891+01:00  INFO 10380 --- [http-nio-8080-exec-2] o.a.c.c.C.[Tomcat].[localhost].[/]       : Initializing Spring DispatcherServlet 'dispatcherServlet'
2024-02-22T02:36:18.891+01:00  INFO 10380 --- [http-nio-8080-exec-2] o.s.web.servlet.DispatcherServlet        : Initializing Servlet 'dispatcherServlet'
2024-02-22T02:36:18.893+01:00  INFO 10380 --- [http-nio-8080-exec-2] o.s.web.servlet.DispatcherServlet        : Completed initialization in 1 ms
2024-02-22T02:38:54.866+01:00  INFO 10380 --- [SpringApplicationShutdownHook] j.LocalContainerEntityManagerFactoryBean : Closing JPA EntityManagerFactory for persistence unit 'default'
2024-02-22T02:38:54.870+01:00  INFO 10380 --- [SpringApplicationShutdownHook] com.zaxxer.hikari.HikariDataSource       : HikariPool-1 - Shutdown initiated...
2024-02-22T02:38:54.884+01:00  INFO 10380 --- [SpringApplicationShutdownHook] com.zaxxer.hikari.HikariDataSource       : HikariPool-1 - Shutdown completed.
2024-02-22T02:39:01.906+01:00  INFO 11988 --- [main] S.G27ShopProjectApplication              : Starting G27ShopProjectApplication using Java 21.0.2 with PID 11988 (F:\PROGRAMMING\BackEnd\src\main\java\lesson\g_27_shop_project\target\classes started by User in F:\PROGRAMMING\BackEnd\src\main\java\lesson\g_27_shop_project)
2024-02-22T02:39:01.911+01:00  INFO 11988 --- [main] S.G27ShopProjectApplication              : No active profile set, falling back to 1 default profile: "default"
2024-02-22T02:39:03.276+01:00  INFO 11988 --- [main] .s.d.r.c.RepositoryConfigurationDelegate : Bootstrapping Spring Data JPA repositories in DEFAULT mode.
2024-02-22T02:39:03.390+01:00  INFO 11988 --- [main] .s.d.r.c.RepositoryConfigurationDelegate : Finished Spring Data repository scanning in 103 ms. Found 3 JPA repository interfaces.
2024-02-22T02:39:04.572+01:00  INFO 11988 --- [main] o.s.b.w.embedded.tomcat.TomcatWebServer  : Tomcat initialized with port 8080 (http)
2024-02-22T02:39:04.592+01:00  INFO 11988 --- [main] o.apache.catalina.core.StandardService   : Starting service [Tomcat]
2024-02-22T02:39:04.592+01:00  INFO 11988 --- [main] o.apache.catalina.core.StandardEngine    : Starting Servlet engine: [Apache Tomcat/10.1.16]
2024-02-22T02:39:04.723+01:00  INFO 11988 --- [main] o.a.c.c.C.[Tomcat].[localhost].[/]       : Initializing Spring embedded WebApplicationContext
2024-02-22T02:39:04.724+01:00  INFO 11988 --- [main] w.s.c.ServletWebServerApplicationContext : Root WebApplicationContext: initialization completed in 2725 ms
2024-02-22T02:39:05.031+01:00  INFO 11988 --- [main] o.hibernate.jpa.internal.util.LogHelper  : HHH000204: Processing PersistenceUnitInfo [name: default]
2024-02-22T02:39:05.146+01:00  INFO 11988 --- [main] org.hibernate.Version                    : HHH000412: Hibernate ORM core version 6.3.1.Final
2024-02-22T02:39:05.210+01:00  INFO 11988 --- [main] o.h.c.internal.RegionFactoryInitiator    : HHH000026: Second-level cache disabled
2024-02-22T02:39:05.572+01:00  INFO 11988 --- [main] o.s.o.j.p.SpringPersistenceUnitInfo      : No LoadTimeWeaver setup: ignoring JPA class transformer
2024-02-22T02:39:05.612+01:00  INFO 11988 --- [main] com.zaxxer.hikari.HikariDataSource       : HikariPool-1 - Starting...
2024-02-22T02:39:06.244+01:00  INFO 11988 --- [main] com.zaxxer.hikari.pool.HikariPool        : HikariPool-1 - Added connection com.mysql.cj.jdbc.ConnectionImpl@57f0bfc3
2024-02-22T02:39:06.248+01:00  INFO 11988 --- [main] com.zaxxer.hikari.HikariDataSource       : HikariPool-1 - Start completed.
2024-02-22T02:39:07.731+01:00  INFO 11988 --- [main] o.h.e.t.j.p.i.JtaPlatformInitiator       : HHH000489: No JTA platform available (set 'hibernate.transaction.jta.platform' to enable JTA platform integration)
2024-02-22T02:39:07.735+01:00  INFO 11988 --- [main] j.LocalContainerEntityManagerFactoryBean : Initialized JPA EntityManagerFactory for persistence unit 'default'
2024-02-22T02:39:08.347+01:00  INFO 11988 --- [main] o.s.d.j.r.query.QueryEnhancerFactory     : Hibernate is in classpath; If applicable, HQL parser will be used.
2024-02-22T02:39:08.796+01:00  WARN 11988 --- [main] JpaBaseConfiguration$JpaWebConfiguration : spring.jpa.open-in-view is enabled by default. Therefore, database queries may be performed during view rendering. Explicitly configure spring.jpa.open-in-view to disable this warning
2024-02-22T02:39:09.630+01:00  INFO 11988 --- [main] o.s.b.w.embedded.tomcat.TomcatWebServer  : Tomcat started on port 8080 (http) with context path ''
2024-02-22T02:39:09.646+01:00  INFO 11988 --- [main] S.G27ShopProjectApplication              : Started G27ShopProjectApplication in 8.465 seconds (process running for 9.3)
2024-02-22T02:39:09.739+01:00  INFO 11988 --- [http-nio-8080-exec-2] o.apache.tomcat.util.http.parser.Cookie  : A cookie header was received [g_state={"i_l":0}] that contained an invalid cookie. That cookie will be ignored.
 Note: further occurrences of this error will be logged at DEBUG level.
2024-02-22T02:39:09.748+01:00  INFO 11988 --- [http-nio-8080-exec-2] o.a.c.c.C.[Tomcat].[localhost].[/]       : Initializing Spring DispatcherServlet 'dispatcherServlet'
2024-02-22T02:39:09.749+01:00  INFO 11988 --- [http-nio-8080-exec-2] o.s.web.servlet.DispatcherServlet        : Initializing Servlet 'dispatcherServlet'
2024-02-22T02:39:09.751+01:00  INFO 11988 --- [http-nio-8080-exec-2] o.s.web.servlet.DispatcherServlet        : Completed initialization in 2 ms
2024-02-22T02:48:41.112+01:00  INFO 11988 --- [SpringApplicationShutdownHook] j.LocalContainerEntityManagerFactoryBean : Closing JPA EntityManagerFactory for persistence unit 'default'
2024-02-22T02:48:41.115+01:00  INFO 11988 --- [SpringApplicationShutdownHook] com.zaxxer.hikari.HikariDataSource       : HikariPool-1 - Shutdown initiated...
2024-02-22T02:48:41.126+01:00  INFO 11988 --- [SpringApplicationShutdownHook] com.zaxxer.hikari.HikariDataSource       : HikariPool-1 - Shutdown completed.
2024-02-22T02:48:50.773+01:00  INFO 11296 --- [main] S.G27ShopProjectApplication              : Starting G27ShopProjectApplication using Java 21.0.2 with PID 11296 (F:\PROGRAMMING\BackEnd\src\main\java\lesson\g_27_shop_project\target\classes started by User in F:\PROGRAMMING\BackEnd\src\main\java\lesson\g_27_shop_project)
2024-02-22T02:48:50.776+01:00  INFO 11296 --- [main] S.G27ShopProjectApplication              : No active profile set, falling back to 1 default profile: "default"
2024-02-22T02:48:52.195+01:00  INFO 11296 --- [main] .s.d.r.c.RepositoryConfigurationDelegate : Bootstrapping Spring Data JPA repositories in DEFAULT mode.
2024-02-22T02:48:52.322+01:00  INFO 11296 --- [main] .s.d.r.c.RepositoryConfigurationDelegate : Finished Spring Data repository scanning in 115 ms. Found 3 JPA repository interfaces.
2024-02-22T02:48:53.540+01:00  INFO 11296 --- [main] o.s.b.w.embedded.tomcat.TomcatWebServer  : Tomcat initialized with port 8080 (http)
2024-02-22T02:48:53.554+01:00  INFO 11296 --- [main] o.apache.catalina.core.StandardService   : Starting service [Tomcat]
2024-02-22T02:48:53.555+01:00  INFO 11296 --- [main] o.apache.catalina.core.StandardEngine    : Starting Servlet engine: [Apache Tomcat/10.1.16]
2024-02-22T02:48:53.676+01:00  INFO 11296 --- [main] o.a.c.c.C.[Tomcat].[localhost].[/]       : Initializing Spring embedded WebApplicationContext
2024-02-22T02:48:53.676+01:00  INFO 11296 --- [main] w.s.c.ServletWebServerApplicationContext : Root WebApplicationContext: initialization completed in 2813 ms
2024-02-22T02:48:53.935+01:00  INFO 11296 --- [main] o.hibernate.jpa.internal.util.LogHelper  : HHH000204: Processing PersistenceUnitInfo [name: default]
2024-02-22T02:48:54.048+01:00  INFO 11296 --- [main] org.hibernate.Version                    : HHH000412: Hibernate ORM core version 6.3.1.Final
2024-02-22T02:48:54.108+01:00  INFO 11296 --- [main] o.h.c.internal.RegionFactoryInitiator    : HHH000026: Second-level cache disabled
2024-02-22T02:48:54.484+01:00  INFO 11296 --- [main] o.s.o.j.p.SpringPersistenceUnitInfo      : No LoadTimeWeaver setup: ignoring JPA class transformer
2024-02-22T02:48:54.525+01:00  INFO 11296 --- [main] com.zaxxer.hikari.HikariDataSource       : HikariPool-1 - Starting...
2024-02-22T02:48:55.049+01:00  INFO 11296 --- [main] com.zaxxer.hikari.pool.HikariPool        : HikariPool-1 - Added connection com.mysql.cj.jdbc.ConnectionImpl@57f0bfc3
2024-02-22T02:48:55.051+01:00  INFO 11296 --- [main] com.zaxxer.hikari.HikariDataSource       : HikariPool-1 - Start completed.
2024-02-22T02:48:56.493+01:00  INFO 11296 --- [main] o.h.e.t.j.p.i.JtaPlatformInitiator       : HHH000489: No JTA platform available (set 'hibernate.transaction.jta.platform' to enable JTA platform integration)
2024-02-22T02:48:56.497+01:00  INFO 11296 --- [main] j.LocalContainerEntityManagerFactoryBean : Initialized JPA EntityManagerFactory for persistence unit 'default'
2024-02-22T02:48:57.062+01:00  INFO 11296 --- [main] o.s.d.j.r.query.QueryEnhancerFactory     : Hibernate is in classpath; If applicable, HQL parser will be used.
2024-02-22T02:48:57.447+01:00  WARN 11296 --- [main] JpaBaseConfiguration$JpaWebConfiguration : spring.jpa.open-in-view is enabled by default. Therefore, database queries may be performed during view rendering. Explicitly configure spring.jpa.open-in-view to disable this warning
2024-02-22T02:48:58.376+01:00  INFO 11296 --- [main] o.s.b.w.embedded.tomcat.TomcatWebServer  : Tomcat started on port 8080 (http) with context path ''
2024-02-22T02:48:58.392+01:00  INFO 11296 --- [main] S.G27ShopProjectApplication              : Started G27ShopProjectApplication in 8.347 seconds (process running for 9.197)
2024-02-22T02:49:08.401+01:00  INFO 11296 --- [http-nio-8080-exec-1] o.apache.tomcat.util.http.parser.Cookie  : A cookie header was received [g_state={"i_l":0}] that contained an invalid cookie. That cookie will be ignored.
 Note: further occurrences of this error will be logged at DEBUG level.
2024-02-22T02:49:08.410+01:00  INFO 11296 --- [http-nio-8080-exec-1] o.a.c.c.C.[Tomcat].[localhost].[/]       : Initializing Spring DispatcherServlet 'dispatcherServlet'
2024-02-22T02:49:08.411+01:00  INFO 11296 --- [http-nio-8080-exec-1] o.s.web.servlet.DispatcherServlet        : Initializing Servlet 'dispatcherServlet'
2024-02-22T02:49:08.412+01:00  INFO 11296 --- [http-nio-8080-exec-1] o.s.web.servlet.DispatcherServlet        : Completed initialization in 1 ms
2024-02-22T02:49:08.548+01:00  INFO 11296 --- [http-nio-8080-exec-1] S.logging.AspectLogging                  : The getActiveProductById method threw an exception Product with id 1 does not exist in data base
2024-02-22T02:49:32.142+01:00  INFO 11296 --- [http-nio-8080-exec-2] S.logging.AspectLogging                  : The getActiveProductById method successfully returned the object ProductDto{id=2, name='Apple', price=90.0}
2024-02-22T02:49:42.334+01:00  INFO 11296 --- [http-nio-8080-exec-3] S.logging.AspectLogging                  : Вызван метод getAllActiveProducts
2024-02-22T02:56:16.772+01:00  INFO 11296 --- [SpringApplicationShutdownHook] j.LocalContainerEntityManagerFactoryBean : Closing JPA EntityManagerFactory for persistence unit 'default'
2024-02-22T02:56:16.775+01:00  INFO 11296 --- [SpringApplicationShutdownHook] com.zaxxer.hikari.HikariDataSource       : HikariPool-1 - Shutdown initiated...
2024-02-22T02:56:16.787+01:00  INFO 11296 --- [SpringApplicationShutdownHook] com.zaxxer.hikari.HikariDataSource       : HikariPool-1 - Shutdown completed.
2024-02-22T02:56:55.854+01:00  INFO 1064 --- [main] S.G27ShopProjectApplication              : Starting G27ShopProjectApplication using Java 21.0.2 with PID 1064 (F:\PROGRAMMING\BackEnd\src\main\java\lesson\g_27_shop_project\target\classes started by User in F:\PROGRAMMING\BackEnd\src\main\java\lesson\g_27_shop_project)
2024-02-22T02:56:55.858+01:00  INFO 1064 --- [main] S.G27ShopProjectApplication              : No active profile set, falling back to 1 default profile: "default"
2024-02-22T02:56:57.123+01:00  INFO 1064 --- [main] .s.d.r.c.RepositoryConfigurationDelegate : Bootstrapping Spring Data JPA repositories in DEFAULT mode.
2024-02-22T02:56:57.235+01:00  INFO 1064 --- [main] .s.d.r.c.RepositoryConfigurationDelegate : Finished Spring Data repository scanning in 101 ms. Found 3 JPA repository interfaces.
2024-02-22T02:56:58.386+01:00  INFO 1064 --- [main] o.s.b.w.embedded.tomcat.TomcatWebServer  : Tomcat initialized with port 8080 (http)
2024-02-22T02:56:58.401+01:00  INFO 1064 --- [main] o.apache.catalina.core.StandardService   : Starting service [Tomcat]
2024-02-22T02:56:58.401+01:00  INFO 1064 --- [main] o.apache.catalina.core.StandardEngine    : Starting Servlet engine: [Apache Tomcat/10.1.16]
2024-02-22T02:56:58.507+01:00  INFO 1064 --- [main] o.a.c.c.C.[Tomcat].[localhost].[/]       : Initializing Spring embedded WebApplicationContext
2024-02-22T02:56:58.508+01:00  INFO 1064 --- [main] w.s.c.ServletWebServerApplicationContext : Root WebApplicationContext: initialization completed in 2579 ms
2024-02-22T02:56:58.794+01:00  INFO 1064 --- [main] o.hibernate.jpa.internal.util.LogHelper  : HHH000204: Processing PersistenceUnitInfo [name: default]
2024-02-22T02:56:58.908+01:00  INFO 1064 --- [main] org.hibernate.Version                    : HHH000412: Hibernate ORM core version 6.3.1.Final
2024-02-22T02:56:58.966+01:00  INFO 1064 --- [main] o.h.c.internal.RegionFactoryInitiator    : HHH000026: Second-level cache disabled
2024-02-22T02:56:59.334+01:00  INFO 1064 --- [main] o.s.o.j.p.SpringPersistenceUnitInfo      : No LoadTimeWeaver setup: ignoring JPA class transformer
2024-02-22T02:56:59.379+01:00  INFO 1064 --- [main] com.zaxxer.hikari.HikariDataSource       : HikariPool-1 - Starting...
2024-02-22T02:57:00.038+01:00  INFO 1064 --- [main] com.zaxxer.hikari.pool.HikariPool        : HikariPool-1 - Added connection com.mysql.cj.jdbc.ConnectionImpl@3c6bd624
2024-02-22T02:57:00.041+01:00  INFO 1064 --- [main] com.zaxxer.hikari.HikariDataSource       : HikariPool-1 - Start completed.
2024-02-22T02:57:01.453+01:00  INFO 1064 --- [main] o.h.e.t.j.p.i.JtaPlatformInitiator       : HHH000489: No JTA platform available (set 'hibernate.transaction.jta.platform' to enable JTA platform integration)
2024-02-22T02:57:01.457+01:00  INFO 1064 --- [main] j.LocalContainerEntityManagerFactoryBean : Initialized JPA EntityManagerFactory for persistence unit 'default'
2024-02-22T02:57:02.050+01:00  INFO 1064 --- [main] o.s.d.j.r.query.QueryEnhancerFactory     : Hibernate is in classpath; If applicable, HQL parser will be used.
2024-02-22T02:57:02.453+01:00  WARN 1064 --- [main] JpaBaseConfiguration$JpaWebConfiguration : spring.jpa.open-in-view is enabled by default. Therefore, database queries may be performed during view rendering. Explicitly configure spring.jpa.open-in-view to disable this warning
2024-02-22T02:57:03.330+01:00  INFO 1064 --- [main] o.s.b.w.embedded.tomcat.TomcatWebServer  : Tomcat started on port 8080 (http) with context path ''
2024-02-22T02:57:03.364+01:00  INFO 1064 --- [main] S.G27ShopProjectApplication              : Started G27ShopProjectApplication in 8.209 seconds (process running for 9.009)
2024-02-22T02:57:40.740+01:00  INFO 1064 --- [http-nio-8080-exec-1] o.apache.tomcat.util.http.parser.Cookie  : A cookie header was received [g_state={"i_l":0}] that contained an invalid cookie. That cookie will be ignored.
 Note: further occurrences of this error will be logged at DEBUG level.
2024-02-22T02:57:40.748+01:00  INFO 1064 --- [http-nio-8080-exec-1] o.a.c.c.C.[Tomcat].[localhost].[/]       : Initializing Spring DispatcherServlet 'dispatcherServlet'
2024-02-22T02:57:40.749+01:00  INFO 1064 --- [http-nio-8080-exec-1] o.s.web.servlet.DispatcherServlet        : Initializing Servlet 'dispatcherServlet'
2024-02-22T02:57:40.750+01:00  INFO 1064 --- [http-nio-8080-exec-1] o.s.web.servlet.DispatcherServlet        : Completed initialization in 1 ms
2024-02-22T02:58:08.040+01:00  INFO 1064 --- [SpringApplicationShutdownHook] j.LocalContainerEntityManagerFactoryBean : Closing JPA EntityManagerFactory for persistence unit 'default'
2024-02-22T02:58:08.044+01:00  INFO 1064 --- [SpringApplicationShutdownHook] com.zaxxer.hikari.HikariDataSource       : HikariPool-1 - Shutdown initiated...
2024-02-22T02:58:08.055+01:00  INFO 1064 --- [SpringApplicationShutdownHook] com.zaxxer.hikari.HikariDataSource       : HikariPool-1 - Shutdown completed.
2024-02-22T02:58:40.499+01:00  INFO 300 --- [main] S.G27ShopProjectApplication              : Starting G27ShopProjectApplication using Java 21.0.2 with PID 300 (F:\PROGRAMMING\BackEnd\src\main\java\lesson\g_27_shop_project\target\classes started by User in F:\PROGRAMMING\BackEnd\src\main\java\lesson\g_27_shop_project)
2024-02-22T02:58:40.503+01:00  INFO 300 --- [main] S.G27ShopProjectApplication              : No active profile set, falling back to 1 default profile: "default"
2024-02-22T02:58:41.985+01:00  INFO 300 --- [main] .s.d.r.c.RepositoryConfigurationDelegate : Bootstrapping Spring Data JPA repositories in DEFAULT mode.
2024-02-22T02:58:42.139+01:00  INFO 300 --- [main] .s.d.r.c.RepositoryConfigurationDelegate : Finished Spring Data repository scanning in 138 ms. Found 3 JPA repository interfaces.
2024-02-22T02:58:43.502+01:00  INFO 300 --- [main] o.s.b.w.embedded.tomcat.TomcatWebServer  : Tomcat initialized with port 8080 (http)
2024-02-22T02:58:43.519+01:00  INFO 300 --- [main] o.apache.catalina.core.StandardService   : Starting service [Tomcat]
2024-02-22T02:58:43.520+01:00  INFO 300 --- [main] o.apache.catalina.core.StandardEngine    : Starting Servlet engine: [Apache Tomcat/10.1.16]
2024-02-22T02:58:43.649+01:00  INFO 300 --- [main] o.a.c.c.C.[Tomcat].[localhost].[/]       : Initializing Spring embedded WebApplicationContext
2024-02-22T02:58:43.650+01:00  INFO 300 --- [main] w.s.c.ServletWebServerApplicationContext : Root WebApplicationContext: initialization completed in 3052 ms
2024-02-22T02:58:43.948+01:00  INFO 300 --- [main] o.hibernate.jpa.internal.util.LogHelper  : HHH000204: Processing PersistenceUnitInfo [name: default]
2024-02-22T02:58:44.080+01:00  INFO 300 --- [main] org.hibernate.Version                    : HHH000412: Hibernate ORM core version 6.3.1.Final
2024-02-22T02:58:44.144+01:00  INFO 300 --- [main] o.h.c.internal.RegionFactoryInitiator    : HHH000026: Second-level cache disabled
2024-02-22T02:58:44.561+01:00  INFO 300 --- [main] o.s.o.j.p.SpringPersistenceUnitInfo      : No LoadTimeWeaver setup: ignoring JPA class transformer
2024-02-22T02:58:44.613+01:00  INFO 300 --- [main] com.zaxxer.hikari.HikariDataSource       : HikariPool-1 - Starting...
2024-02-22T02:58:45.231+01:00  INFO 300 --- [main] com.zaxxer.hikari.pool.HikariPool        : HikariPool-1 - Added connection com.mysql.cj.jdbc.ConnectionImpl@839755f
2024-02-22T02:58:45.235+01:00  INFO 300 --- [main] com.zaxxer.hikari.HikariDataSource       : HikariPool-1 - Start completed.
2024-02-22T02:58:46.719+01:00  INFO 300 --- [main] o.h.e.t.j.p.i.JtaPlatformInitiator       : HHH000489: No JTA platform available (set 'hibernate.transaction.jta.platform' to enable JTA platform integration)
2024-02-22T02:58:46.723+01:00  INFO 300 --- [main] j.LocalContainerEntityManagerFactoryBean : Initialized JPA EntityManagerFactory for persistence unit 'default'
2024-02-22T02:58:47.409+01:00  INFO 300 --- [main] o.s.d.j.r.query.QueryEnhancerFactory     : Hibernate is in classpath; If applicable, HQL parser will be used.
2024-02-22T02:58:47.950+01:00  WARN 300 --- [main] JpaBaseConfiguration$JpaWebConfiguration : spring.jpa.open-in-view is enabled by default. Therefore, database queries may be performed during view rendering. Explicitly configure spring.jpa.open-in-view to disable this warning
2024-02-22T02:58:48.880+01:00  INFO 300 --- [main] o.s.b.w.embedded.tomcat.TomcatWebServer  : Tomcat started on port 8080 (http) with context path ''
2024-02-22T02:58:48.897+01:00  INFO 300 --- [main] S.G27ShopProjectApplication              : Started G27ShopProjectApplication in 9.297 seconds (process running for 10.205)
2024-02-22T02:58:49.112+01:00  INFO 300 --- [http-nio-8080-exec-1] o.apache.tomcat.util.http.parser.Cookie  : A cookie header was received [g_state={"i_l":0}] that contained an invalid cookie. That cookie will be ignored.
 Note: further occurrences of this error will be logged at DEBUG level.
2024-02-22T02:58:49.141+01:00  INFO 300 --- [http-nio-8080-exec-1] o.a.c.c.C.[Tomcat].[localhost].[/]       : Initializing Spring DispatcherServlet 'dispatcherServlet'
2024-02-22T02:58:49.142+01:00  INFO 300 --- [http-nio-8080-exec-1] o.s.web.servlet.DispatcherServlet        : Initializing Servlet 'dispatcherServlet'
2024-02-22T02:58:49.144+01:00  INFO 300 --- [http-nio-8080-exec-1] o.s.web.servlet.DispatcherServlet        : Completed initialization in 2 ms
2024-02-22T02:59:57.800+01:00  WARN 300 --- [HikariPool-1 housekeeper] com.zaxxer.hikari.pool.HikariPool        : HikariPool-1 - Thread starvation or clock leap detected (housekeeper delta=1m12s456ms351µs).
2024-02-22T03:00:45.663+01:00  WARN 300 --- [HikariPool-1 housekeeper] com.zaxxer.hikari.pool.HikariPool        : HikariPool-1 - Thread starvation or clock leap detected (housekeeper delta=47s863ms20µs).
2024-02-22T03:01:33.202+01:00  INFO 300 --- [SpringApplicationShutdownHook] j.LocalContainerEntityManagerFactoryBean : Closing JPA EntityManagerFactory for persistence unit 'default'
2024-02-22T03:01:33.212+01:00  INFO 300 --- [SpringApplicationShutdownHook] com.zaxxer.hikari.HikariDataSource       : HikariPool-1 - Shutdown initiated...
2024-02-22T03:01:33.229+01:00  INFO 300 --- [SpringApplicationShutdownHook] com.zaxxer.hikari.HikariDataSource       : HikariPool-1 - Shutdown completed.
2024-02-22T03:05:57.337+01:00  INFO 1036 --- [main] S.G27ShopProjectApplication              : Starting G27ShopProjectApplication using Java 21.0.2 with PID 1036 (F:\PROGRAMMING\BackEnd\src\main\java\lesson\g_27_shop_project\target\classes started by User in F:\PROGRAMMING\BackEnd\src\main\java\lesson\g_27_shop_project)
2024-02-22T03:05:57.340+01:00  INFO 1036 --- [main] S.G27ShopProjectApplication              : No active profile set, falling back to 1 default profile: "default"
2024-02-22T03:05:58.597+01:00  INFO 1036 --- [main] .s.d.r.c.RepositoryConfigurationDelegate : Bootstrapping Spring Data JPA repositories in DEFAULT mode.
2024-02-22T03:05:58.710+01:00  INFO 1036 --- [main] .s.d.r.c.RepositoryConfigurationDelegate : Finished Spring Data repository scanning in 101 ms. Found 3 JPA repository interfaces.
2024-02-22T03:05:59.793+01:00  INFO 1036 --- [main] o.s.b.w.embedded.tomcat.TomcatWebServer  : Tomcat initialized with port 8080 (http)
2024-02-22T03:05:59.808+01:00  INFO 1036 --- [main] o.apache.catalina.core.StandardService   : Starting service [Tomcat]
2024-02-22T03:05:59.808+01:00  INFO 1036 --- [main] o.apache.catalina.core.StandardEngine    : Starting Servlet engine: [Apache Tomcat/10.1.16]
2024-02-22T03:05:59.924+01:00  INFO 1036 --- [main] o.a.c.c.C.[Tomcat].[localhost].[/]       : Initializing Spring embedded WebApplicationContext
2024-02-22T03:05:59.924+01:00  INFO 1036 --- [main] w.s.c.ServletWebServerApplicationContext : Root WebApplicationContext: initialization completed in 2508 ms
2024-02-22T03:06:00.181+01:00  INFO 1036 --- [main] o.hibernate.jpa.internal.util.LogHelper  : HHH000204: Processing PersistenceUnitInfo [name: default]
2024-02-22T03:06:00.277+01:00  INFO 1036 --- [main] org.hibernate.Version                    : HHH000412: Hibernate ORM core version 6.3.1.Final
2024-02-22T03:06:00.326+01:00  INFO 1036 --- [main] o.h.c.internal.RegionFactoryInitiator    : HHH000026: Second-level cache disabled
2024-02-22T03:06:00.659+01:00  INFO 1036 --- [main] o.s.o.j.p.SpringPersistenceUnitInfo      : No LoadTimeWeaver setup: ignoring JPA class transformer
2024-02-22T03:06:00.696+01:00  INFO 1036 --- [main] com.zaxxer.hikari.HikariDataSource       : HikariPool-1 - Starting...
2024-02-22T03:06:01.229+01:00  INFO 1036 --- [main] com.zaxxer.hikari.pool.HikariPool        : HikariPool-1 - Added connection com.mysql.cj.jdbc.ConnectionImpl@60f9dc7e
2024-02-22T03:06:01.232+01:00  INFO 1036 --- [main] com.zaxxer.hikari.HikariDataSource       : HikariPool-1 - Start completed.
2024-02-22T03:06:02.557+01:00  INFO 1036 --- [main] o.h.e.t.j.p.i.JtaPlatformInitiator       : HHH000489: No JTA platform available (set 'hibernate.transaction.jta.platform' to enable JTA platform integration)
2024-02-22T03:06:02.561+01:00  INFO 1036 --- [main] j.LocalContainerEntityManagerFactoryBean : Initialized JPA EntityManagerFactory for persistence unit 'default'
2024-02-22T03:06:03.085+01:00  INFO 1036 --- [main] o.s.d.j.r.query.QueryEnhancerFactory     : Hibernate is in classpath; If applicable, HQL parser will be used.
2024-02-22T03:06:03.455+01:00  WARN 1036 --- [main] JpaBaseConfiguration$JpaWebConfiguration : spring.jpa.open-in-view is enabled by default. Therefore, database queries may be performed during view rendering. Explicitly configure spring.jpa.open-in-view to disable this warning
2024-02-22T03:06:04.269+01:00  INFO 1036 --- [main] o.s.b.w.embedded.tomcat.TomcatWebServer  : Tomcat started on port 8080 (http) with context path ''
2024-02-22T03:06:04.283+01:00  INFO 1036 --- [main] S.G27ShopProjectApplication              : Started G27ShopProjectApplication in 7.665 seconds (process running for 8.524)
2024-02-22T03:06:12.328+01:00  INFO 1036 --- [http-nio-8080-exec-2] o.apache.tomcat.util.http.parser.Cookie  : A cookie header was received [g_state={"i_l":0}] that contained an invalid cookie. That cookie will be ignored.
 Note: further occurrences of this error will be logged at DEBUG level.
2024-02-22T03:06:12.337+01:00  INFO 1036 --- [http-nio-8080-exec-2] o.a.c.c.C.[Tomcat].[localhost].[/]       : Initializing Spring DispatcherServlet 'dispatcherServlet'
2024-02-22T03:06:12.337+01:00  INFO 1036 --- [http-nio-8080-exec-2] o.s.web.servlet.DispatcherServlet        : Initializing Servlet 'dispatcherServlet'
2024-02-22T03:06:12.339+01:00  INFO 1036 --- [http-nio-8080-exec-2] o.s.web.servlet.DispatcherServlet        : Completed initialization in 2 ms
2024-02-22T03:07:01.053+01:00  INFO 1036 --- [SpringApplicationShutdownHook] j.LocalContainerEntityManagerFactoryBean : Closing JPA EntityManagerFactory for persistence unit 'default'
2024-02-22T03:07:01.057+01:00  INFO 1036 --- [SpringApplicationShutdownHook] com.zaxxer.hikari.HikariDataSource       : HikariPool-1 - Shutdown initiated...
2024-02-22T03:07:01.071+01:00  INFO 1036 --- [SpringApplicationShutdownHook] com.zaxxer.hikari.HikariDataSource       : HikariPool-1 - Shutdown completed.
2024-02-22T03:07:14.019+01:00  INFO 12120 --- [main] S.G27ShopProjectApplication              : Starting G27ShopProjectApplication using Java 21.0.2 with PID 12120 (F:\PROGRAMMING\BackEnd\src\main\java\lesson\g_27_shop_project\target\classes started by User in F:\PROGRAMMING\BackEnd\src\main\java\lesson\g_27_shop_project)
2024-02-22T03:07:14.023+01:00  INFO 12120 --- [main] S.G27ShopProjectApplication              : No active profile set, falling back to 1 default profile: "default"
2024-02-22T03:07:15.479+01:00  INFO 12120 --- [main] .s.d.r.c.RepositoryConfigurationDelegate : Bootstrapping Spring Data JPA repositories in DEFAULT mode.
2024-02-22T03:07:15.586+01:00  INFO 12120 --- [main] .s.d.r.c.RepositoryConfigurationDelegate : Finished Spring Data repository scanning in 96 ms. Found 3 JPA repository interfaces.
2024-02-22T03:07:16.679+01:00  INFO 12120 --- [main] o.s.b.w.embedded.tomcat.TomcatWebServer  : Tomcat initialized with port 8080 (http)
2024-02-22T03:07:16.693+01:00  INFO 12120 --- [main] o.apache.catalina.core.StandardService   : Starting service [Tomcat]
2024-02-22T03:07:16.694+01:00  INFO 12120 --- [main] o.apache.catalina.core.StandardEngine    : Starting Servlet engine: [Apache Tomcat/10.1.16]
2024-02-22T03:07:16.806+01:00  INFO 12120 --- [main] o.a.c.c.C.[Tomcat].[localhost].[/]       : Initializing Spring embedded WebApplicationContext
2024-02-22T03:07:16.807+01:00  INFO 12120 --- [main] w.s.c.ServletWebServerApplicationContext : Root WebApplicationContext: initialization completed in 2702 ms
2024-02-22T03:07:17.075+01:00  INFO 12120 --- [main] o.hibernate.jpa.internal.util.LogHelper  : HHH000204: Processing PersistenceUnitInfo [name: default]
2024-02-22T03:07:17.190+01:00  INFO 12120 --- [main] org.hibernate.Version                    : HHH000412: Hibernate ORM core version 6.3.1.Final
2024-02-22T03:07:17.246+01:00  INFO 12120 --- [main] o.h.c.internal.RegionFactoryInitiator    : HHH000026: Second-level cache disabled
2024-02-22T03:07:17.621+01:00  INFO 12120 --- [main] o.s.o.j.p.SpringPersistenceUnitInfo      : No LoadTimeWeaver setup: ignoring JPA class transformer
2024-02-22T03:07:17.658+01:00  INFO 12120 --- [main] com.zaxxer.hikari.HikariDataSource       : HikariPool-1 - Starting...
2024-02-22T03:07:18.299+01:00  INFO 12120 --- [main] com.zaxxer.hikari.pool.HikariPool        : HikariPool-1 - Added connection com.mysql.cj.jdbc.ConnectionImpl@66b6873f
2024-02-22T03:07:18.302+01:00  INFO 12120 --- [main] com.zaxxer.hikari.HikariDataSource       : HikariPool-1 - Start completed.
2024-02-22T03:07:19.666+01:00  INFO 12120 --- [main] o.h.e.t.j.p.i.JtaPlatformInitiator       : HHH000489: No JTA platform available (set 'hibernate.transaction.jta.platform' to enable JTA platform integration)
2024-02-22T03:07:19.670+01:00  INFO 12120 --- [main] j.LocalContainerEntityManagerFactoryBean : Initialized JPA EntityManagerFactory for persistence unit 'default'
2024-02-22T03:07:20.157+01:00  INFO 12120 --- [main] o.s.d.j.r.query.QueryEnhancerFactory     : Hibernate is in classpath; If applicable, HQL parser will be used.
2024-02-22T03:07:20.531+01:00  WARN 12120 --- [main] JpaBaseConfiguration$JpaWebConfiguration : spring.jpa.open-in-view is enabled by default. Therefore, database queries may be performed during view rendering. Explicitly configure spring.jpa.open-in-view to disable this warning
2024-02-22T03:07:21.331+01:00  INFO 12120 --- [main] o.s.b.w.embedded.tomcat.TomcatWebServer  : Tomcat started on port 8080 (http) with context path ''
2024-02-22T03:07:21.349+01:00  INFO 12120 --- [main] S.G27ShopProjectApplication              : Started G27ShopProjectApplication in 8.084 seconds (process running for 8.799)
2024-02-22T03:07:23.272+01:00  INFO 12120 --- [http-nio-8080-exec-1] o.apache.tomcat.util.http.parser.Cookie  : A cookie header was received [g_state={"i_l":0}] that contained an invalid cookie. That cookie will be ignored.
 Note: further occurrences of this error will be logged at DEBUG level.
2024-02-22T03:07:23.282+01:00  INFO 12120 --- [http-nio-8080-exec-1] o.a.c.c.C.[Tomcat].[localhost].[/]       : Initializing Spring DispatcherServlet 'dispatcherServlet'
2024-02-22T03:07:23.282+01:00  INFO 12120 --- [http-nio-8080-exec-1] o.s.web.servlet.DispatcherServlet        : Initializing Servlet 'dispatcherServlet'
2024-02-22T03:07:23.284+01:00  INFO 12120 --- [http-nio-8080-exec-1] o.s.web.servlet.DispatcherServlet        : Completed initialization in 2 ms
2024-02-22T03:07:24.531+01:00  INFO 12120 --- [http-nio-8080-exec-9] o.springdoc.api.AbstractOpenApiResource  : Init duration for springdoc-openapi is: 539 ms
2024-02-22T03:07:34.491+01:00  INFO 12120 --- [http-nio-8080-exec-10] S.logging.AspectLogging                  : Вызван метод getAllActiveProducts
2024-02-22T03:10:15.550+01:00  INFO 12120 --- [http-nio-8080-exec-6] S.logging.AspectLogging                  : The restoreById method is called with a parameter 1
2024-02-22T03:12:17.313+01:00  INFO 12120 --- [http-nio-8080-exec-7] S.logging.AspectLogging                  : The restoreById method is called with a parameter 1
2024-02-22T03:13:16.141+01:00  INFO 12120 --- [SpringApplicationShutdownHook] j.LocalContainerEntityManagerFactoryBean : Closing JPA EntityManagerFactory for persistence unit 'default'
2024-02-22T03:13:16.144+01:00  INFO 12120 --- [SpringApplicationShutdownHook] com.zaxxer.hikari.HikariDataSource       : HikariPool-1 - Shutdown initiated...
2024-02-22T03:13:16.154+01:00  INFO 12120 --- [SpringApplicationShutdownHook] com.zaxxer.hikari.HikariDataSource       : HikariPool-1 - Shutdown completed.
2024-02-22T03:13:19.777+01:00  INFO 9712 --- [main] S.G27ShopProjectApplication              : Starting G27ShopProjectApplication using Java 21.0.2 with PID 9712 (F:\PROGRAMMING\BackEnd\src\main\java\lesson\g_27_shop_project\target\classes started by User in F:\PROGRAMMING\BackEnd\src\main\java\lesson\g_27_shop_project)
2024-02-22T03:13:19.780+01:00  INFO 9712 --- [main] S.G27ShopProjectApplication              : No active profile set, falling back to 1 default profile: "default"
2024-02-22T03:13:21.144+01:00  INFO 9712 --- [main] .s.d.r.c.RepositoryConfigurationDelegate : Bootstrapping Spring Data JPA repositories in DEFAULT mode.
2024-02-22T03:13:21.267+01:00  INFO 9712 --- [main] .s.d.r.c.RepositoryConfigurationDelegate : Finished Spring Data repository scanning in 110 ms. Found 3 JPA repository interfaces.
2024-02-22T03:13:22.548+01:00  INFO 9712 --- [main] o.s.b.w.embedded.tomcat.TomcatWebServer  : Tomcat initialized with port 8080 (http)
2024-02-22T03:13:22.564+01:00  INFO 9712 --- [main] o.apache.catalina.core.StandardService   : Starting service [Tomcat]
2024-02-22T03:13:22.565+01:00  INFO 9712 --- [main] o.apache.catalina.core.StandardEngine    : Starting Servlet engine: [Apache Tomcat/10.1.16]
2024-02-22T03:13:22.687+01:00  INFO 9712 --- [main] o.a.c.c.C.[Tomcat].[localhost].[/]       : Initializing Spring embedded WebApplicationContext
2024-02-22T03:13:22.688+01:00  INFO 9712 --- [main] w.s.c.ServletWebServerApplicationContext : Root WebApplicationContext: initialization completed in 2823 ms
2024-02-22T03:13:23.002+01:00  INFO 9712 --- [main] o.hibernate.jpa.internal.util.LogHelper  : HHH000204: Processing PersistenceUnitInfo [name: default]
2024-02-22T03:13:23.111+01:00  INFO 9712 --- [main] org.hibernate.Version                    : HHH000412: Hibernate ORM core version 6.3.1.Final
2024-02-22T03:13:23.171+01:00  INFO 9712 --- [main] o.h.c.internal.RegionFactoryInitiator    : HHH000026: Second-level cache disabled
2024-02-22T03:13:23.588+01:00  INFO 9712 --- [main] o.s.o.j.p.SpringPersistenceUnitInfo      : No LoadTimeWeaver setup: ignoring JPA class transformer
2024-02-22T03:13:23.633+01:00  INFO 9712 --- [main] com.zaxxer.hikari.HikariDataSource       : HikariPool-1 - Starting...
2024-02-22T03:13:24.237+01:00  INFO 9712 --- [main] com.zaxxer.hikari.pool.HikariPool        : HikariPool-1 - Added connection com.mysql.cj.jdbc.ConnectionImpl@3e6acec2
2024-02-22T03:13:24.240+01:00  INFO 9712 --- [main] com.zaxxer.hikari.HikariDataSource       : HikariPool-1 - Start completed.
2024-02-22T03:13:25.776+01:00  INFO 9712 --- [main] o.h.e.t.j.p.i.JtaPlatformInitiator       : HHH000489: No JTA platform available (set 'hibernate.transaction.jta.platform' to enable JTA platform integration)
2024-02-22T03:13:25.780+01:00  INFO 9712 --- [main] j.LocalContainerEntityManagerFactoryBean : Initialized JPA EntityManagerFactory for persistence unit 'default'
2024-02-22T03:13:26.445+01:00  INFO 9712 --- [main] o.s.d.j.r.query.QueryEnhancerFactory     : Hibernate is in classpath; If applicable, HQL parser will be used.
2024-02-22T03:13:26.912+01:00  WARN 9712 --- [main] JpaBaseConfiguration$JpaWebConfiguration : spring.jpa.open-in-view is enabled by default. Therefore, database queries may be performed during view rendering. Explicitly configure spring.jpa.open-in-view to disable this warning
2024-02-22T03:13:27.805+01:00  INFO 9712 --- [main] o.s.b.w.embedded.tomcat.TomcatWebServer  : Tomcat started on port 8080 (http) with context path ''
2024-02-22T03:13:27.825+01:00  INFO 9712 --- [main] S.G27ShopProjectApplication              : Started G27ShopProjectApplication in 8.879 seconds (process running for 9.703)
2024-02-22T03:13:32.413+01:00  INFO 9712 --- [http-nio-8080-exec-1] o.apache.tomcat.util.http.parser.Cookie  : A cookie header was received [g_state={"i_l":0}] that contained an invalid cookie. That cookie will be ignored.
 Note: further occurrences of this error will be logged at DEBUG level.
2024-02-22T03:13:32.421+01:00  INFO 9712 --- [http-nio-8080-exec-1] o.a.c.c.C.[Tomcat].[localhost].[/]       : Initializing Spring DispatcherServlet 'dispatcherServlet'
2024-02-22T03:13:32.421+01:00  INFO 9712 --- [http-nio-8080-exec-1] o.s.web.servlet.DispatcherServlet        : Initializing Servlet 'dispatcherServlet'
2024-02-22T03:13:32.423+01:00  INFO 9712 --- [http-nio-8080-exec-1] o.s.web.servlet.DispatcherServlet        : Completed initialization in 1 ms
2024-02-22T03:13:41.033+01:00  INFO 9712 --- [http-nio-8080-exec-1] S.logging.AspectLogging                  : The restoreById method is called with a parameter 1
2024-02-22T03:14:24.090+01:00  INFO 9712 --- [http-nio-8080-exec-2] S.logging.AspectLogging                  : The restoreById method is called with a parameter 1
2024-02-22T03:14:41.953+01:00  INFO 9712 --- [SpringApplicationShutdownHook] j.LocalContainerEntityManagerFactoryBean : Closing JPA EntityManagerFactory for persistence unit 'default'
2024-02-22T03:14:41.957+01:00  INFO 9712 --- [SpringApplicationShutdownHook] com.zaxxer.hikari.HikariDataSource       : HikariPool-1 - Shutdown initiated...
2024-02-22T03:14:41.972+01:00  INFO 9712 --- [SpringApplicationShutdownHook] com.zaxxer.hikari.HikariDataSource       : HikariPool-1 - Shutdown completed.
2024-02-22T03:15:21.319+01:00  INFO 8668 --- [main] S.G27ShopProjectApplication              : Starting G27ShopProjectApplication using Java 21.0.2 with PID 8668 (F:\PROGRAMMING\BackEnd\src\main\java\lesson\g_27_shop_project\target\classes started by User in F:\PROGRAMMING\BackEnd\src\main\java\lesson\g_27_shop_project)
2024-02-22T03:15:21.323+01:00  INFO 8668 --- [main] S.G27ShopProjectApplication              : No active profile set, falling back to 1 default profile: "default"
2024-02-22T03:15:22.586+01:00  INFO 8668 --- [main] .s.d.r.c.RepositoryConfigurationDelegate : Bootstrapping Spring Data JPA repositories in DEFAULT mode.
2024-02-22T03:15:22.699+01:00  INFO 8668 --- [main] .s.d.r.c.RepositoryConfigurationDelegate : Finished Spring Data repository scanning in 101 ms. Found 3 JPA repository interfaces.
2024-02-22T03:15:23.944+01:00  INFO 8668 --- [main] o.s.b.w.embedded.tomcat.TomcatWebServer  : Tomcat initialized with port 8080 (http)
2024-02-22T03:15:23.962+01:00  INFO 8668 --- [main] o.apache.catalina.core.StandardService   : Starting service [Tomcat]
2024-02-22T03:15:23.963+01:00  INFO 8668 --- [main] o.apache.catalina.core.StandardEngine    : Starting Servlet engine: [Apache Tomcat/10.1.16]
2024-02-22T03:15:24.083+01:00  INFO 8668 --- [main] o.a.c.c.C.[Tomcat].[localhost].[/]       : Initializing Spring embedded WebApplicationContext
2024-02-22T03:15:24.084+01:00  INFO 8668 --- [main] w.s.c.ServletWebServerApplicationContext : Root WebApplicationContext: initialization completed in 2686 ms
2024-02-22T03:15:24.357+01:00  INFO 8668 --- [main] o.hibernate.jpa.internal.util.LogHelper  : HHH000204: Processing PersistenceUnitInfo [name: default]
2024-02-22T03:15:24.462+01:00  INFO 8668 --- [main] org.hibernate.Version                    : HHH000412: Hibernate ORM core version 6.3.1.Final
2024-02-22T03:15:24.516+01:00  INFO 8668 --- [main] o.h.c.internal.RegionFactoryInitiator    : HHH000026: Second-level cache disabled
2024-02-22T03:15:24.835+01:00  INFO 8668 --- [main] o.s.o.j.p.SpringPersistenceUnitInfo      : No LoadTimeWeaver setup: ignoring JPA class transformer
2024-02-22T03:15:24.869+01:00  INFO 8668 --- [main] com.zaxxer.hikari.HikariDataSource       : HikariPool-1 - Starting...
2024-02-22T03:15:25.434+01:00  INFO 8668 --- [main] com.zaxxer.hikari.pool.HikariPool        : HikariPool-1 - Added connection com.mysql.cj.jdbc.ConnectionImpl@3c9e19de
2024-02-22T03:15:25.436+01:00  INFO 8668 --- [main] com.zaxxer.hikari.HikariDataSource       : HikariPool-1 - Start completed.
2024-02-22T03:15:26.808+01:00  INFO 8668 --- [main] o.h.e.t.j.p.i.JtaPlatformInitiator       : HHH000489: No JTA platform available (set 'hibernate.transaction.jta.platform' to enable JTA platform integration)
2024-02-22T03:15:26.814+01:00  INFO 8668 --- [main] j.LocalContainerEntityManagerFactoryBean : Initialized JPA EntityManagerFactory for persistence unit 'default'
2024-02-22T03:15:27.406+01:00  INFO 8668 --- [main] o.s.d.j.r.query.QueryEnhancerFactory     : Hibernate is in classpath; If applicable, HQL parser will be used.
2024-02-22T03:15:27.838+01:00  WARN 8668 --- [main] JpaBaseConfiguration$JpaWebConfiguration : spring.jpa.open-in-view is enabled by default. Therefore, database queries may be performed during view rendering. Explicitly configure spring.jpa.open-in-view to disable this warning
2024-02-22T03:15:28.702+01:00  INFO 8668 --- [main] o.s.b.w.embedded.tomcat.TomcatWebServer  : Tomcat started on port 8080 (http) with context path ''
2024-02-22T03:15:28.718+01:00  INFO 8668 --- [main] S.G27ShopProjectApplication              : Started G27ShopProjectApplication in 8.195 seconds (process running for 8.9)
2024-02-22T03:15:29.572+01:00  INFO 8668 --- [http-nio-8080-exec-1] o.apache.tomcat.util.http.parser.Cookie  : A cookie header was received [g_state={"i_l":0}] that contained an invalid cookie. That cookie will be ignored.
 Note: further occurrences of this error will be logged at DEBUG level.
2024-02-22T03:15:29.581+01:00  INFO 8668 --- [http-nio-8080-exec-1] o.a.c.c.C.[Tomcat].[localhost].[/]       : Initializing Spring DispatcherServlet 'dispatcherServlet'
2024-02-22T03:15:29.582+01:00  INFO 8668 --- [http-nio-8080-exec-1] o.s.web.servlet.DispatcherServlet        : Initializing Servlet 'dispatcherServlet'
2024-02-22T03:15:29.584+01:00  INFO 8668 --- [http-nio-8080-exec-1] o.s.web.servlet.DispatcherServlet        : Completed initialization in 2 ms
2024-02-22T03:15:30.836+01:00  INFO 8668 --- [http-nio-8080-exec-9] o.springdoc.api.AbstractOpenApiResource  : Init duration for springdoc-openapi is: 553 ms
2024-02-22T03:15:42.140+01:00  INFO 8668 --- [http-nio-8080-exec-1] S.logging.AspectLogging                  : Вызван метод getAllActiveProducts
2024-02-22T03:15:49.905+01:00  INFO 8668 --- [http-nio-8080-exec-2] S.logging.AspectLogging                  : The restoreById method is called with a parameter 1
2024-02-22T03:16:08.473+01:00  INFO 8668 --- [SpringApplicationShutdownHook] j.LocalContainerEntityManagerFactoryBean : Closing JPA EntityManagerFactory for persistence unit 'default'
2024-02-22T03:16:08.477+01:00  INFO 8668 --- [SpringApplicationShutdownHook] com.zaxxer.hikari.HikariDataSource       : HikariPool-1 - Shutdown initiated...
2024-02-22T03:16:08.490+01:00  INFO 8668 --- [SpringApplicationShutdownHook] com.zaxxer.hikari.HikariDataSource       : HikariPool-1 - Shutdown completed.
2024-02-22T03:16:11.973+01:00  INFO 5712 --- [main] S.G27ShopProjectApplication              : Starting G27ShopProjectApplication using Java 21.0.2 with PID 5712 (F:\PROGRAMMING\BackEnd\src\main\java\lesson\g_27_shop_project\target\classes started by User in F:\PROGRAMMING\BackEnd\src\main\java\lesson\g_27_shop_project)
2024-02-22T03:16:11.976+01:00  INFO 5712 --- [main] S.G27ShopProjectApplication              : No active profile set, falling back to 1 default profile: "default"
2024-02-22T03:16:13.392+01:00  INFO 5712 --- [main] .s.d.r.c.RepositoryConfigurationDelegate : Bootstrapping Spring Data JPA repositories in DEFAULT mode.
2024-02-22T03:16:13.519+01:00  INFO 5712 --- [main] .s.d.r.c.RepositoryConfigurationDelegate : Finished Spring Data repository scanning in 114 ms. Found 3 JPA repository interfaces.
2024-02-22T03:16:14.682+01:00  INFO 5712 --- [main] o.s.b.w.embedded.tomcat.TomcatWebServer  : Tomcat initialized with port 8080 (http)
2024-02-22T03:16:14.856+01:00  INFO 5712 --- [main] w.s.c.ServletWebServerApplicationContext : Root WebApplicationContext: initialization completed in 2808 ms
2024-02-22T03:16:15.147+01:00  INFO 5712 --- [main] o.hibernate.jpa.internal.util.LogHelper  : HHH000204: Processing PersistenceUnitInfo [name: default]
2024-02-22T03:16:15.253+01:00  INFO 5712 --- [main] org.hibernate.Version                    : HHH000412: Hibernate ORM core version 6.3.1.Final
2024-02-22T03:16:15.308+01:00  INFO 5712 --- [main] o.h.c.internal.RegionFactoryInitiator    : HHH000026: Second-level cache disabled
2024-02-22T03:16:15.726+01:00  INFO 5712 --- [main] o.s.o.j.p.SpringPersistenceUnitInfo      : No LoadTimeWeaver setup: ignoring JPA class transformer
2024-02-22T03:16:15.767+01:00  INFO 5712 --- [main] com.zaxxer.hikari.HikariDataSource       : HikariPool-1 - Starting...
2024-02-22T03:16:16.346+01:00  INFO 5712 --- [main] com.zaxxer.hikari.pool.HikariPool        : HikariPool-1 - Added connection com.mysql.cj.jdbc.ConnectionImpl@846b47
2024-02-22T03:16:16.349+01:00  INFO 5712 --- [main] com.zaxxer.hikari.HikariDataSource       : HikariPool-1 - Start completed.
2024-02-22T03:16:17.770+01:00  INFO 5712 --- [main] o.h.e.t.j.p.i.JtaPlatformInitiator       : HHH000489: No JTA platform available (set 'hibernate.transaction.jta.platform' to enable JTA platform integration)
2024-02-22T03:16:17.775+01:00  INFO 5712 --- [main] j.LocalContainerEntityManagerFactoryBean : Initialized JPA EntityManagerFactory for persistence unit 'default'
2024-02-22T03:16:18.363+01:00  INFO 5712 --- [main] o.s.d.j.r.query.QueryEnhancerFactory     : Hibernate is in classpath; If applicable, HQL parser will be used.
2024-02-22T03:16:18.838+01:00  WARN 5712 --- [main] JpaBaseConfiguration$JpaWebConfiguration : spring.jpa.open-in-view is enabled by default. Therefore, database queries may be performed during view rendering. Explicitly configure spring.jpa.open-in-view to disable this warning
2024-02-22T03:16:19.769+01:00  INFO 5712 --- [main] o.s.b.w.embedded.tomcat.TomcatWebServer  : Tomcat started on port 8080 (http) with context path ''
2024-02-22T03:16:19.783+01:00  INFO 5712 --- [main] S.G27ShopProjectApplication              : Started G27ShopProjectApplication in 8.65 seconds (process running for 9.496)
2024-02-22T03:16:19.798+01:00  INFO 5712 --- [SpringApplicationShutdownHook] j.LocalContainerEntityManagerFactoryBean : Closing JPA EntityManagerFactory for persistence unit 'default'
2024-02-22T03:16:19.801+01:00  INFO 5712 --- [SpringApplicationShutdownHook] com.zaxxer.hikari.HikariDataSource       : HikariPool-1 - Shutdown initiated...
2024-02-22T03:16:19.817+01:00  INFO 5712 --- [SpringApplicationShutdownHook] com.zaxxer.hikari.HikariDataSource       : HikariPool-1 - Shutdown completed.
2024-02-22T03:17:58.175+01:00  INFO 8812 --- [main] S.G27ShopProjectApplication              : Starting G27ShopProjectApplication using Java 21.0.2 with PID 8812 (F:\PROGRAMMING\BackEnd\src\main\java\lesson\g_27_shop_project\target\classes started by User in F:\PROGRAMMING\BackEnd\src\main\java\lesson\g_27_shop_project)
2024-02-22T03:17:58.178+01:00  INFO 8812 --- [main] S.G27ShopProjectApplication              : No active profile set, falling back to 1 default profile: "default"
2024-02-22T03:17:59.540+01:00  INFO 8812 --- [main] .s.d.r.c.RepositoryConfigurationDelegate : Bootstrapping Spring Data JPA repositories in DEFAULT mode.
2024-02-22T03:17:59.666+01:00  INFO 8812 --- [main] .s.d.r.c.RepositoryConfigurationDelegate : Finished Spring Data repository scanning in 113 ms. Found 3 JPA repository interfaces.
2024-02-22T03:18:00.743+01:00  INFO 8812 --- [main] o.s.b.w.embedded.tomcat.TomcatWebServer  : Tomcat initialized with port 8080 (http)
2024-02-22T03:18:00.756+01:00  INFO 8812 --- [main] o.apache.catalina.core.StandardService   : Starting service [Tomcat]
2024-02-22T03:18:00.756+01:00  INFO 8812 --- [main] o.apache.catalina.core.StandardEngine    : Starting Servlet engine: [Apache Tomcat/10.1.16]
2024-02-22T03:18:00.865+01:00  INFO 8812 --- [main] o.a.c.c.C.[Tomcat].[localhost].[/]       : Initializing Spring embedded WebApplicationContext
2024-02-22T03:18:00.866+01:00  INFO 8812 --- [main] w.s.c.ServletWebServerApplicationContext : Root WebApplicationContext: initialization completed in 2613 ms
2024-02-22T03:18:01.164+01:00  INFO 8812 --- [main] o.hibernate.jpa.internal.util.LogHelper  : HHH000204: Processing PersistenceUnitInfo [name: default]
2024-02-22T03:18:01.268+01:00  INFO 8812 --- [main] org.hibernate.Version                    : HHH000412: Hibernate ORM core version 6.3.1.Final
2024-02-22T03:18:01.330+01:00  INFO 8812 --- [main] o.h.c.internal.RegionFactoryInitiator    : HHH000026: Second-level cache disabled
2024-02-22T03:18:01.709+01:00  INFO 8812 --- [main] o.s.o.j.p.SpringPersistenceUnitInfo      : No LoadTimeWeaver setup: ignoring JPA class transformer
2024-02-22T03:18:01.764+01:00  INFO 8812 --- [main] com.zaxxer.hikari.HikariDataSource       : HikariPool-1 - Starting...
2024-02-22T03:18:02.360+01:00  INFO 8812 --- [main] com.zaxxer.hikari.pool.HikariPool        : HikariPool-1 - Added connection com.mysql.cj.jdbc.ConnectionImpl@298e002d
2024-02-22T03:18:02.362+01:00  INFO 8812 --- [main] com.zaxxer.hikari.HikariDataSource       : HikariPool-1 - Start completed.
2024-02-22T03:18:03.726+01:00  INFO 8812 --- [main] o.h.e.t.j.p.i.JtaPlatformInitiator       : HHH000489: No JTA platform available (set 'hibernate.transaction.jta.platform' to enable JTA platform integration)
2024-02-22T03:18:03.731+01:00  INFO 8812 --- [main] j.LocalContainerEntityManagerFactoryBean : Initialized JPA EntityManagerFactory for persistence unit 'default'
2024-02-22T03:18:04.281+01:00  INFO 8812 --- [main] o.s.d.j.r.query.QueryEnhancerFactory     : Hibernate is in classpath; If applicable, HQL parser will be used.
2024-02-22T03:18:04.694+01:00  WARN 8812 --- [main] JpaBaseConfiguration$JpaWebConfiguration : spring.jpa.open-in-view is enabled by default. Therefore, database queries may be performed during view rendering. Explicitly configure spring.jpa.open-in-view to disable this warning
2024-02-22T03:18:05.517+01:00  INFO 8812 --- [main] o.s.b.w.embedded.tomcat.TomcatWebServer  : Tomcat started on port 8080 (http) with context path ''
2024-02-22T03:18:05.537+01:00  INFO 8812 --- [main] S.G27ShopProjectApplication              : Started G27ShopProjectApplication in 8.098 seconds (process running for 8.766)
2024-02-22T03:18:05.604+01:00  INFO 8812 --- [http-nio-8080-exec-1] o.apache.tomcat.util.http.parser.Cookie  : A cookie header was received [g_state={"i_l":0}] that contained an invalid cookie. That cookie will be ignored.
 Note: further occurrences of this error will be logged at DEBUG level.
2024-02-22T03:18:05.613+01:00  INFO 8812 --- [http-nio-8080-exec-1] o.a.c.c.C.[Tomcat].[localhost].[/]       : Initializing Spring DispatcherServlet 'dispatcherServlet'
2024-02-22T03:18:05.614+01:00  INFO 8812 --- [http-nio-8080-exec-1] o.s.web.servlet.DispatcherServlet        : Initializing Servlet 'dispatcherServlet'
2024-02-22T03:18:05.616+01:00  INFO 8812 --- [http-nio-8080-exec-1] o.s.web.servlet.DispatcherServlet        : Completed initialization in 1 ms
2024-02-22T03:18:07.013+01:00  INFO 8812 --- [http-nio-8080-exec-9] o.springdoc.api.AbstractOpenApiResource  : Init duration for springdoc-openapi is: 651 ms
2024-02-22T03:18:13.987+01:00  INFO 8812 --- [http-nio-8080-exec-1] S.logging.AspectLogging                  : The restoreById method is called with a parameter 1
2024-02-22T03:19:18.187+01:00  INFO 8812 --- [SpringApplicationShutdownHook] j.LocalContainerEntityManagerFactoryBean : Closing JPA EntityManagerFactory for persistence unit 'default'
2024-02-22T03:19:18.191+01:00  INFO 8812 --- [SpringApplicationShutdownHook] com.zaxxer.hikari.HikariDataSource       : HikariPool-1 - Shutdown initiated...
2024-02-22T03:19:18.202+01:00  INFO 8812 --- [SpringApplicationShutdownHook] com.zaxxer.hikari.HikariDataSource       : HikariPool-1 - Shutdown completed.
2024-02-22T03:19:28.213+01:00  INFO 11608 --- [main] S.G27ShopProjectApplication              : Starting G27ShopProjectApplication using Java 21.0.2 with PID 11608 (F:\PROGRAMMING\BackEnd\src\main\java\lesson\g_27_shop_project\target\classes started by User in F:\PROGRAMMING\BackEnd\src\main\java\lesson\g_27_shop_project)
2024-02-22T03:19:28.217+01:00  INFO 11608 --- [main] S.G27ShopProjectApplication              : No active profile set, falling back to 1 default profile: "default"
2024-02-22T03:19:29.463+01:00  INFO 11608 --- [main] .s.d.r.c.RepositoryConfigurationDelegate : Bootstrapping Spring Data JPA repositories in DEFAULT mode.
2024-02-22T03:19:29.578+01:00  INFO 11608 --- [main] .s.d.r.c.RepositoryConfigurationDelegate : Finished Spring Data repository scanning in 104 ms. Found 3 JPA repository interfaces.
2024-02-22T03:19:30.685+01:00  INFO 11608 --- [main] o.s.b.w.embedded.tomcat.TomcatWebServer  : Tomcat initialized with port 8080 (http)
2024-02-22T03:19:30.700+01:00  INFO 11608 --- [main] o.apache.catalina.core.StandardService   : Starting service [Tomcat]
2024-02-22T03:19:30.701+01:00  INFO 11608 --- [main] o.apache.catalina.core.StandardEngine    : Starting Servlet engine: [Apache Tomcat/10.1.16]
2024-02-22T03:19:30.817+01:00  INFO 11608 --- [main] o.a.c.c.C.[Tomcat].[localhost].[/]       : Initializing Spring embedded WebApplicationContext
2024-02-22T03:19:30.818+01:00  INFO 11608 --- [main] w.s.c.ServletWebServerApplicationContext : Root WebApplicationContext: initialization completed in 2524 ms
2024-02-22T03:19:31.085+01:00  INFO 11608 --- [main] o.hibernate.jpa.internal.util.LogHelper  : HHH000204: Processing PersistenceUnitInfo [name: default]
2024-02-22T03:19:31.183+01:00  INFO 11608 --- [main] org.hibernate.Version                    : HHH000412: Hibernate ORM core version 6.3.1.Final
2024-02-22T03:19:31.254+01:00  INFO 11608 --- [main] o.h.c.internal.RegionFactoryInitiator    : HHH000026: Second-level cache disabled
2024-02-22T03:19:31.659+01:00  INFO 11608 --- [main] o.s.o.j.p.SpringPersistenceUnitInfo      : No LoadTimeWeaver setup: ignoring JPA class transformer
2024-02-22T03:19:31.698+01:00  INFO 11608 --- [main] com.zaxxer.hikari.HikariDataSource       : HikariPool-1 - Starting...
2024-02-22T03:19:32.238+01:00  INFO 11608 --- [main] com.zaxxer.hikari.pool.HikariPool        : HikariPool-1 - Added connection com.mysql.cj.jdbc.ConnectionImpl@5922cff3
2024-02-22T03:19:32.240+01:00  INFO 11608 --- [main] com.zaxxer.hikari.HikariDataSource       : HikariPool-1 - Start completed.
2024-02-22T03:19:33.544+01:00  INFO 11608 --- [main] o.h.e.t.j.p.i.JtaPlatformInitiator       : HHH000489: No JTA platform available (set 'hibernate.transaction.jta.platform' to enable JTA platform integration)
2024-02-22T03:19:33.548+01:00  INFO 11608 --- [main] j.LocalContainerEntityManagerFactoryBean : Initialized JPA EntityManagerFactory for persistence unit 'default'
2024-02-22T03:19:34.120+01:00  INFO 11608 --- [main] o.s.d.j.r.query.QueryEnhancerFactory     : Hibernate is in classpath; If applicable, HQL parser will be used.
2024-02-22T03:19:34.491+01:00  WARN 11608 --- [main] JpaBaseConfiguration$JpaWebConfiguration : spring.jpa.open-in-view is enabled by default. Therefore, database queries may be performed during view rendering. Explicitly configure spring.jpa.open-in-view to disable this warning
2024-02-22T03:19:35.339+01:00  INFO 11608 --- [main] o.s.b.w.embedded.tomcat.TomcatWebServer  : Tomcat started on port 8080 (http) with context path ''
2024-02-22T03:19:35.353+01:00  INFO 11608 --- [main] S.G27ShopProjectApplication              : Started G27ShopProjectApplication in 7.847 seconds (process running for 8.501)
2024-02-22T03:19:35.514+01:00  INFO 11608 --- [http-nio-8080-exec-1] o.apache.tomcat.util.http.parser.Cookie  : A cookie header was received [g_state={"i_l":0}] that contained an invalid cookie. That cookie will be ignored.
 Note: further occurrences of this error will be logged at DEBUG level.
2024-02-22T03:19:35.524+01:00  INFO 11608 --- [http-nio-8080-exec-1] o.a.c.c.C.[Tomcat].[localhost].[/]       : Initializing Spring DispatcherServlet 'dispatcherServlet'
2024-02-22T03:19:35.525+01:00  INFO 11608 --- [http-nio-8080-exec-1] o.s.web.servlet.DispatcherServlet        : Initializing Servlet 'dispatcherServlet'
2024-02-22T03:19:35.528+01:00  INFO 11608 --- [http-nio-8080-exec-1] o.s.web.servlet.DispatcherServlet        : Completed initialization in 3 ms
2024-02-22T03:19:41.002+01:00  INFO 11608 --- [http-nio-8080-exec-3] o.springdoc.api.AbstractOpenApiResource  : Init duration for springdoc-openapi is: 566 ms
2024-02-22T03:20:59.764+01:00  INFO 11608 --- [SpringApplicationShutdownHook] j.LocalContainerEntityManagerFactoryBean : Closing JPA EntityManagerFactory for persistence unit 'default'
2024-02-22T03:20:59.767+01:00  INFO 11608 --- [SpringApplicationShutdownHook] com.zaxxer.hikari.HikariDataSource       : HikariPool-1 - Shutdown initiated...
2024-02-22T03:20:59.779+01:00  INFO 11608 --- [SpringApplicationShutdownHook] com.zaxxer.hikari.HikariDataSource       : HikariPool-1 - Shutdown completed.
